2021-04-02 18:13:44,636 [Worker-0: Loading available Gradle versions] INFO  o.e.b.c.i.u.g.PublishedGradleVersions - Gradle version information cache is out-of-date. Trying to update.
2021-04-07 23:12:30,566 [Worker-6: Loading available Gradle versions] INFO  o.e.b.c.i.u.g.PublishedGradleVersions - Gradle version information cache is not available. Remote download required.
2021-04-08 11:53:22,106 [Worker-6: Loading available Gradle versions] INFO  o.e.b.c.i.u.g.PublishedGradleVersions - Gradle version information cache is up-to-date. Trying to read.
2021-04-08 11:59:27,740 [Worker-9: Loading available Gradle versions] INFO  o.e.b.c.i.u.g.PublishedGradleVersions - Gradle version information cache is up-to-date. Trying to read.
2021-04-15 03:49:12,499 [Worker-1: Loading available Gradle versions] INFO  o.e.b.c.i.u.g.PublishedGradleVersions - Gradle version information cache is out-of-date. Trying to update.
2021-04-23 20:23:27,865 [Worker-5: Loading available Gradle versions] INFO  o.e.b.c.i.u.g.PublishedGradleVersions - Gradle version information cache is out-of-date. Trying to update.
2021-04-24 14:44:56,689 [Worker-7: Loading available Gradle versions] INFO  o.e.b.c.i.u.g.PublishedGradleVersions - Gradle version information cache is up-to-date. Trying to read.
2021-04-24 15:25:30,049 [Worker-11: Loading available Gradle versions] INFO  o.e.b.c.i.u.g.PublishedGradleVersions - Gradle version information cache is up-to-date. Trying to read.
2021-04-25 05:44:48,434 [main] ERROR o.e.m.j.i.JavaElementsAdapterFactory - Can't find artifact for /Users/lemes/Downloads/mysql-connector-java-8.0.17.jar (not open)
org.eclipse.core.runtime.CoreException: Search error
	at org.eclipse.m2e.core.internal.index.nexus.NexusIndexManager.identify(NexusIndexManager.java:303)
	at org.eclipse.m2e.core.internal.index.nexus.NexusIndex.identify(NexusIndex.java:143)
	at org.eclipse.m2e.core.internal.index.nexus.CompositeIndex.identifyAll(CompositeIndex.java:69)
	at org.eclipse.m2e.core.internal.index.nexus.CompositeIndex.identify(CompositeIndex.java:61)
	at org.eclipse.m2e.jdt.internal.BuildPathManager.findArtifactInIndex(BuildPathManager.java:477)
	at org.eclipse.m2e.jdt.internal.BuildPathManager.findArtifacts(BuildPathManager.java:421)
	at org.eclipse.m2e.jdt.internal.BuildPathManager.findArtifact(BuildPathManager.java:439)
	at org.eclipse.m2e.jdt.internal.JavaElementsAdapterFactory.getAdapter(JavaElementsAdapterFactory.java:60)
	at org.eclipse.core.internal.adapter.AdapterFactoryProxy.lambda$5(AdapterFactoryProxy.java:111)
	at java.base/java.util.Optional.map(Optional.java:258)
	at org.eclipse.core.internal.adapter.AdapterFactoryProxy.getAdapter(AdapterFactoryProxy.java:111)
	at org.eclipse.core.internal.runtime.AdapterManager.getAdapter(AdapterManager.java:299)
	at org.eclipse.core.runtime.PlatformObject.getAdapter(PlatformObject.java:72)
	at org.eclipse.m2e.core.ui.internal.actions.SelectionUtil.getType(SelectionUtil.java:151)
	at org.eclipse.m2e.core.ui.internal.actions.MavenPropertyTester.test(MavenPropertyTester.java:73)
	at org.eclipse.core.internal.expressions.Property.test(Property.java:65)
	at org.eclipse.core.expressions.TestExpression.evaluate(TestExpression.java:107)
	at org.eclipse.core.expressions.CompositeExpression.evaluateAnd(CompositeExpression.java:54)
	at org.eclipse.core.expressions.AndExpression.evaluate(AndExpression.java:36)
	at org.eclipse.core.expressions.CompositeExpression.evaluateAnd(CompositeExpression.java:54)
	at org.eclipse.core.internal.expressions.EnablementExpression.evaluate(EnablementExpression.java:59)
	at org.eclipse.ui.internal.ObjectActionContributor$ObjectContribution.isApplicableTo(ObjectActionContributor.java:353)
	at org.eclipse.ui.internal.ObjectActionContributor.isApplicableTo(ObjectActionContributor.java:226)
	at org.eclipse.ui.internal.ObjectContributorManager.isApplicableTo(ObjectContributorManager.java:300)
	at org.eclipse.ui.internal.ObjectActionContributorManager.contributeObjectActions(ObjectActionContributorManager.java:89)
	at org.eclipse.ui.internal.PopupMenuExtender.addObjectActions(PopupMenuExtender.java:295)
	at org.eclipse.ui.internal.PopupMenuExtender.menuAboutToShow(PopupMenuExtender.java:367)
	at org.eclipse.jface.action.MenuManager.fireAboutToShow(MenuManager.java:338)
	at org.eclipse.jface.action.MenuManager.handleAboutToShow(MenuManager.java:468)
	at org.eclipse.jface.action.MenuManager.access$1(MenuManager.java:463)
	at org.eclipse.jface.action.MenuManager$2.menuShown(MenuManager.java:495)
	at org.eclipse.swt.widgets.TypedListener.handleEvent(TypedListener.java:259)
	at org.eclipse.swt.widgets.EventTable.sendEvent(EventTable.java:89)
	at org.eclipse.swt.widgets.Display.sendEvent(Display.java:4441)
	at org.eclipse.swt.widgets.Widget.sendEvent(Widget.java:1512)
	at org.eclipse.swt.widgets.Widget.sendEvent(Widget.java:1535)
	at org.eclipse.swt.widgets.Widget.sendEvent(Widget.java:1516)
	at org.eclipse.swt.widgets.Menu.menuWillOpen(Menu.java:808)
	at org.eclipse.swt.widgets.Display.windowProc(Display.java:6183)
	at org.eclipse.swt.internal.cocoa.OS.objc_msgSend(Native Method)
	at org.eclipse.swt.internal.cocoa.NSMenu.popUpContextMenu(NSMenu.java:80)
	at org.eclipse.swt.widgets.Menu._setVisible(Menu.java:270)
	at org.eclipse.swt.widgets.Display.runPopups(Display.java:4304)
	at org.eclipse.swt.widgets.Display.readAndDispatch(Display.java:3830)
	at org.eclipse.e4.ui.internal.workbench.swt.PartRenderingEngine$5.run(PartRenderingEngine.java:1157)
	at org.eclipse.core.databinding.observable.Realm.runWithDefault(Realm.java:338)
	at org.eclipse.e4.ui.internal.workbench.swt.PartRenderingEngine.run(PartRenderingEngine.java:1046)
	at org.eclipse.e4.ui.internal.workbench.E4Workbench.createAndRunUI(E4Workbench.java:155)
	at org.eclipse.ui.internal.Workbench.lambda$3(Workbench.java:644)
	at org.eclipse.core.databinding.observable.Realm.runWithDefault(Realm.java:338)
	at org.eclipse.ui.internal.Workbench.createAndRunWorkbench(Workbench.java:551)
	at org.eclipse.ui.PlatformUI.createAndRunWorkbench(PlatformUI.java:156)
	at org.eclipse.ui.internal.ide.application.IDEApplication.start(IDEApplication.java:152)
	at org.eclipse.equinox.internal.app.EclipseAppHandle.run(EclipseAppHandle.java:203)
	at org.eclipse.core.runtime.internal.adaptor.EclipseAppLauncher.runApplication(EclipseAppLauncher.java:134)
	at org.eclipse.core.runtime.internal.adaptor.EclipseAppLauncher.start(EclipseAppLauncher.java:104)
	at org.eclipse.core.runtime.adaptor.EclipseStarter.run(EclipseStarter.java:401)
	at org.eclipse.core.runtime.adaptor.EclipseStarter.run(EclipseStarter.java:255)
	at java.base/jdk.internal.reflect.NativeMethodAccessorImpl.invoke0(Native Method)
	at java.base/jdk.internal.reflect.NativeMethodAccessorImpl.invoke(NativeMethodAccessorImpl.java:64)
	at java.base/jdk.internal.reflect.DelegatingMethodAccessorImpl.invoke(DelegatingMethodAccessorImpl.java:43)
	at java.base/java.lang.reflect.Method.invoke(Method.java:564)
	at org.eclipse.equinox.launcher.Main.invokeFramework(Main.java:653)
	at org.eclipse.equinox.launcher.Main.basicRun(Main.java:590)
	at org.eclipse.equinox.launcher.Main.run(Main.java:1461)
Caused by: java.io.FileNotFoundException: /Users/lemes/Downloads/mysql-connector-java-8.0.17.jar (No such file or directory)
	at java.base/java.io.FileInputStream.open0(Native Method)
	at java.base/java.io.FileInputStream.open(FileInputStream.java:211)
	at java.base/java.io.FileInputStream.<init>(FileInputStream.java:153)
	at org.eclipse.m2e.core.internal.index.nexus.NexusIndexManager.identify(NexusIndexManager.java:1264)
	at org.eclipse.m2e.core.internal.index.nexus.NexusIndexManager.identify(NexusIndexManager.java:300)
	... 64 common frames omitted
2021-04-25 05:44:48,447 [main] ERROR o.e.m.j.i.JavaElementsAdapterFactory - Can't find artifact for /Users/lemes/Downloads/mysql-connector-java-8.0.17.jar (not open)
org.eclipse.core.runtime.CoreException: Search error
	at org.eclipse.m2e.core.internal.index.nexus.NexusIndexManager.identify(NexusIndexManager.java:303)
	at org.eclipse.m2e.core.internal.index.nexus.NexusIndex.identify(NexusIndex.java:143)
	at org.eclipse.m2e.core.internal.index.nexus.CompositeIndex.identifyAll(CompositeIndex.java:69)
	at org.eclipse.m2e.core.internal.index.nexus.CompositeIndex.identify(CompositeIndex.java:61)
	at org.eclipse.m2e.jdt.internal.BuildPathManager.findArtifactInIndex(BuildPathManager.java:477)
	at org.eclipse.m2e.jdt.internal.BuildPathManager.findArtifacts(BuildPathManager.java:421)
	at org.eclipse.m2e.jdt.internal.BuildPathManager.findArtifact(BuildPathManager.java:439)
	at org.eclipse.m2e.jdt.internal.JavaElementsAdapterFactory.getAdapter(JavaElementsAdapterFactory.java:60)
	at org.eclipse.core.internal.adapter.AdapterFactoryProxy.lambda$5(AdapterFactoryProxy.java:111)
	at java.base/java.util.Optional.map(Optional.java:258)
	at org.eclipse.core.internal.adapter.AdapterFactoryProxy.getAdapter(AdapterFactoryProxy.java:111)
	at org.eclipse.core.internal.runtime.AdapterManager.getAdapter(AdapterManager.java:299)
	at org.eclipse.m2e.core.ui.internal.actions.SelectionUtil.getType(SelectionUtil.java:156)
	at org.eclipse.m2e.core.ui.internal.actions.MavenPropertyTester.test(MavenPropertyTester.java:73)
	at org.eclipse.core.internal.expressions.Property.test(Property.java:65)
	at org.eclipse.core.expressions.TestExpression.evaluate(TestExpression.java:107)
	at org.eclipse.core.expressions.CompositeExpression.evaluateAnd(CompositeExpression.java:54)
	at org.eclipse.core.expressions.AndExpression.evaluate(AndExpression.java:36)
	at org.eclipse.core.expressions.CompositeExpression.evaluateAnd(CompositeExpression.java:54)
	at org.eclipse.core.internal.expressions.EnablementExpression.evaluate(EnablementExpression.java:59)
	at org.eclipse.ui.internal.ObjectActionContributor$ObjectContribution.isApplicableTo(ObjectActionContributor.java:353)
	at org.eclipse.ui.internal.ObjectActionContributor.isApplicableTo(ObjectActionContributor.java:226)
	at org.eclipse.ui.internal.ObjectContributorManager.isApplicableTo(ObjectContributorManager.java:300)
	at org.eclipse.ui.internal.ObjectActionContributorManager.contributeObjectActions(ObjectActionContributorManager.java:89)
	at org.eclipse.ui.internal.PopupMenuExtender.addObjectActions(PopupMenuExtender.java:295)
	at org.eclipse.ui.internal.PopupMenuExtender.menuAboutToShow(PopupMenuExtender.java:367)
	at org.eclipse.jface.action.MenuManager.fireAboutToShow(MenuManager.java:338)
	at org.eclipse.jface.action.MenuManager.handleAboutToShow(MenuManager.java:468)
	at org.eclipse.jface.action.MenuManager.access$1(MenuManager.java:463)
	at org.eclipse.jface.action.MenuManager$2.menuShown(MenuManager.java:495)
	at org.eclipse.swt.widgets.TypedListener.handleEvent(TypedListener.java:259)
	at org.eclipse.swt.widgets.EventTable.sendEvent(EventTable.java:89)
	at org.eclipse.swt.widgets.Display.sendEvent(Display.java:4441)
	at org.eclipse.swt.widgets.Widget.sendEvent(Widget.java:1512)
	at org.eclipse.swt.widgets.Widget.sendEvent(Widget.java:1535)
	at org.eclipse.swt.widgets.Widget.sendEvent(Widget.java:1516)
	at org.eclipse.swt.widgets.Menu.menuWillOpen(Menu.java:808)
	at org.eclipse.swt.widgets.Display.windowProc(Display.java:6183)
	at org.eclipse.swt.internal.cocoa.OS.objc_msgSend(Native Method)
	at org.eclipse.swt.internal.cocoa.NSMenu.popUpContextMenu(NSMenu.java:80)
	at org.eclipse.swt.widgets.Menu._setVisible(Menu.java:270)
	at org.eclipse.swt.widgets.Display.runPopups(Display.java:4304)
	at org.eclipse.swt.widgets.Display.readAndDispatch(Display.java:3830)
	at org.eclipse.e4.ui.internal.workbench.swt.PartRenderingEngine$5.run(PartRenderingEngine.java:1157)
	at org.eclipse.core.databinding.observable.Realm.runWithDefault(Realm.java:338)
	at org.eclipse.e4.ui.internal.workbench.swt.PartRenderingEngine.run(PartRenderingEngine.java:1046)
	at org.eclipse.e4.ui.internal.workbench.E4Workbench.createAndRunUI(E4Workbench.java:155)
	at org.eclipse.ui.internal.Workbench.lambda$3(Workbench.java:644)
	at org.eclipse.core.databinding.observable.Realm.runWithDefault(Realm.java:338)
	at org.eclipse.ui.internal.Workbench.createAndRunWorkbench(Workbench.java:551)
	at org.eclipse.ui.PlatformUI.createAndRunWorkbench(PlatformUI.java:156)
	at org.eclipse.ui.internal.ide.application.IDEApplication.start(IDEApplication.java:152)
	at org.eclipse.equinox.internal.app.EclipseAppHandle.run(EclipseAppHandle.java:203)
	at org.eclipse.core.runtime.internal.adaptor.EclipseAppLauncher.runApplication(EclipseAppLauncher.java:134)
	at org.eclipse.core.runtime.internal.adaptor.EclipseAppLauncher.start(EclipseAppLauncher.java:104)
	at org.eclipse.core.runtime.adaptor.EclipseStarter.run(EclipseStarter.java:401)
	at org.eclipse.core.runtime.adaptor.EclipseStarter.run(EclipseStarter.java:255)
	at java.base/jdk.internal.reflect.NativeMethodAccessorImpl.invoke0(Native Method)
	at java.base/jdk.internal.reflect.NativeMethodAccessorImpl.invoke(NativeMethodAccessorImpl.java:64)
	at java.base/jdk.internal.reflect.DelegatingMethodAccessorImpl.invoke(DelegatingMethodAccessorImpl.java:43)
	at java.base/java.lang.reflect.Method.invoke(Method.java:564)
	at org.eclipse.equinox.launcher.Main.invokeFramework(Main.java:653)
	at org.eclipse.equinox.launcher.Main.basicRun(Main.java:590)
	at org.eclipse.equinox.launcher.Main.run(Main.java:1461)
Caused by: java.io.FileNotFoundException: /Users/lemes/Downloads/mysql-connector-java-8.0.17.jar (No such file or directory)
	at java.base/java.io.FileInputStream.open0(Native Method)
	at java.base/java.io.FileInputStream.open(FileInputStream.java:211)
	at java.base/java.io.FileInputStream.<init>(FileInputStream.java:153)
	at org.eclipse.m2e.core.internal.index.nexus.NexusIndexManager.identify(NexusIndexManager.java:1264)
	at org.eclipse.m2e.core.internal.index.nexus.NexusIndexManager.identify(NexusIndexManager.java:300)
	... 63 common frames omitted
2021-04-25 05:44:48,448 [main] ERROR o.e.m.j.i.JavaElementsAdapterFactory - Can't find artifact for /Users/lemes/Downloads/mysql-connector-java-8.0.17.jar (not open)
org.eclipse.core.runtime.CoreException: Search error
	at org.eclipse.m2e.core.internal.index.nexus.NexusIndexManager.identify(NexusIndexManager.java:303)
	at org.eclipse.m2e.core.internal.index.nexus.NexusIndex.identify(NexusIndex.java:143)
	at org.eclipse.m2e.core.internal.index.nexus.CompositeIndex.identifyAll(CompositeIndex.java:69)
	at org.eclipse.m2e.core.internal.index.nexus.CompositeIndex.identify(CompositeIndex.java:61)
	at org.eclipse.m2e.jdt.internal.BuildPathManager.findArtifactInIndex(BuildPathManager.java:477)
	at org.eclipse.m2e.jdt.internal.BuildPathManager.findArtifacts(BuildPathManager.java:421)
	at org.eclipse.m2e.jdt.internal.BuildPathManager.findArtifact(BuildPathManager.java:439)
	at org.eclipse.m2e.jdt.internal.JavaElementsAdapterFactory.getAdapter(JavaElementsAdapterFactory.java:60)
	at org.eclipse.core.internal.adapter.AdapterFactoryProxy.lambda$5(AdapterFactoryProxy.java:111)
	at java.base/java.util.Optional.map(Optional.java:258)
	at org.eclipse.core.internal.adapter.AdapterFactoryProxy.getAdapter(AdapterFactoryProxy.java:111)
	at org.eclipse.core.internal.runtime.AdapterManager.getAdapter(AdapterManager.java:299)
	at org.eclipse.core.runtime.PlatformObject.getAdapter(PlatformObject.java:72)
	at org.eclipse.m2e.core.ui.internal.actions.SelectionUtil.getType(SelectionUtil.java:151)
	at org.eclipse.m2e.core.ui.internal.actions.MavenPropertyTester.test(MavenPropertyTester.java:73)
	at org.eclipse.core.internal.expressions.Property.test(Property.java:65)
	at org.eclipse.core.expressions.TestExpression.evaluate(TestExpression.java:107)
	at org.eclipse.core.expressions.CompositeExpression.evaluateAnd(CompositeExpression.java:54)
	at org.eclipse.core.expressions.AndExpression.evaluate(AndExpression.java:36)
	at org.eclipse.core.expressions.CompositeExpression.evaluateAnd(CompositeExpression.java:54)
	at org.eclipse.core.internal.expressions.EnablementExpression.evaluate(EnablementExpression.java:59)
	at org.eclipse.ui.internal.ObjectActionContributor$ObjectContribution.isApplicableTo(ObjectActionContributor.java:353)
	at org.eclipse.ui.internal.ObjectActionContributor.isApplicableTo(ObjectActionContributor.java:226)
	at org.eclipse.ui.internal.ObjectContributorManager.isApplicableTo(ObjectContributorManager.java:300)
	at org.eclipse.ui.internal.ObjectActionContributorManager.contributeObjectActions(ObjectActionContributorManager.java:89)
	at org.eclipse.ui.internal.PopupMenuExtender.addObjectActions(PopupMenuExtender.java:295)
	at org.eclipse.ui.internal.PopupMenuExtender.menuAboutToShow(PopupMenuExtender.java:367)
	at org.eclipse.jface.action.MenuManager.fireAboutToShow(MenuManager.java:338)
	at org.eclipse.jface.action.MenuManager.handleAboutToShow(MenuManager.java:468)
	at org.eclipse.jface.action.MenuManager.access$1(MenuManager.java:463)
	at org.eclipse.jface.action.MenuManager$2.menuShown(MenuManager.java:495)
	at org.eclipse.swt.widgets.TypedListener.handleEvent(TypedListener.java:259)
	at org.eclipse.swt.widgets.EventTable.sendEvent(EventTable.java:89)
	at org.eclipse.swt.widgets.Display.sendEvent(Display.java:4441)
	at org.eclipse.swt.widgets.Widget.sendEvent(Widget.java:1512)
	at org.eclipse.swt.widgets.Widget.sendEvent(Widget.java:1535)
	at org.eclipse.swt.widgets.Widget.sendEvent(Widget.java:1516)
	at org.eclipse.swt.widgets.Menu.menuWillOpen(Menu.java:808)
	at org.eclipse.swt.widgets.Display.windowProc(Display.java:6183)
	at org.eclipse.swt.internal.cocoa.OS.objc_msgSend(Native Method)
	at org.eclipse.swt.internal.cocoa.NSMenu.popUpContextMenu(NSMenu.java:80)
	at org.eclipse.swt.widgets.Menu._setVisible(Menu.java:270)
	at org.eclipse.swt.widgets.Display.runPopups(Display.java:4304)
	at org.eclipse.swt.widgets.Display.readAndDispatch(Display.java:3830)
	at org.eclipse.e4.ui.internal.workbench.swt.PartRenderingEngine$5.run(PartRenderingEngine.java:1157)
	at org.eclipse.core.databinding.observable.Realm.runWithDefault(Realm.java:338)
	at org.eclipse.e4.ui.internal.workbench.swt.PartRenderingEngine.run(PartRenderingEngine.java:1046)
	at org.eclipse.e4.ui.internal.workbench.E4Workbench.createAndRunUI(E4Workbench.java:155)
	at org.eclipse.ui.internal.Workbench.lambda$3(Workbench.java:644)
	at org.eclipse.core.databinding.observable.Realm.runWithDefault(Realm.java:338)
	at org.eclipse.ui.internal.Workbench.createAndRunWorkbench(Workbench.java:551)
	at org.eclipse.ui.PlatformUI.createAndRunWorkbench(PlatformUI.java:156)
	at org.eclipse.ui.internal.ide.application.IDEApplication.start(IDEApplication.java:152)
	at org.eclipse.equinox.internal.app.EclipseAppHandle.run(EclipseAppHandle.java:203)
	at org.eclipse.core.runtime.internal.adaptor.EclipseAppLauncher.runApplication(EclipseAppLauncher.java:134)
	at org.eclipse.core.runtime.internal.adaptor.EclipseAppLauncher.start(EclipseAppLauncher.java:104)
	at org.eclipse.core.runtime.adaptor.EclipseStarter.run(EclipseStarter.java:401)
	at org.eclipse.core.runtime.adaptor.EclipseStarter.run(EclipseStarter.java:255)
	at java.base/jdk.internal.reflect.NativeMethodAccessorImpl.invoke0(Native Method)
	at java.base/jdk.internal.reflect.NativeMethodAccessorImpl.invoke(NativeMethodAccessorImpl.java:64)
	at java.base/jdk.internal.reflect.DelegatingMethodAccessorImpl.invoke(DelegatingMethodAccessorImpl.java:43)
	at java.base/java.lang.reflect.Method.invoke(Method.java:564)
	at org.eclipse.equinox.launcher.Main.invokeFramework(Main.java:653)
	at org.eclipse.equinox.launcher.Main.basicRun(Main.java:590)
	at org.eclipse.equinox.launcher.Main.run(Main.java:1461)
Caused by: java.io.FileNotFoundException: /Users/lemes/Downloads/mysql-connector-java-8.0.17.jar (No such file or directory)
	at java.base/java.io.FileInputStream.open0(Native Method)
	at java.base/java.io.FileInputStream.open(FileInputStream.java:211)
	at java.base/java.io.FileInputStream.<init>(FileInputStream.java:153)
	at org.eclipse.m2e.core.internal.index.nexus.NexusIndexManager.identify(NexusIndexManager.java:1264)
	at org.eclipse.m2e.core.internal.index.nexus.NexusIndexManager.identify(NexusIndexManager.java:300)
	... 64 common frames omitted
2021-04-25 05:44:48,450 [main] ERROR o.e.m.j.i.JavaElementsAdapterFactory - Can't find artifact for /Users/lemes/Downloads/mysql-connector-java-8.0.17.jar (not open)
org.eclipse.core.runtime.CoreException: Search error
	at org.eclipse.m2e.core.internal.index.nexus.NexusIndexManager.identify(NexusIndexManager.java:303)
	at org.eclipse.m2e.core.internal.index.nexus.NexusIndex.identify(NexusIndex.java:143)
	at org.eclipse.m2e.core.internal.index.nexus.CompositeIndex.identifyAll(CompositeIndex.java:69)
	at org.eclipse.m2e.core.internal.index.nexus.CompositeIndex.identify(CompositeIndex.java:61)
	at org.eclipse.m2e.jdt.internal.BuildPathManager.findArtifactInIndex(BuildPathManager.java:477)
	at org.eclipse.m2e.jdt.internal.BuildPathManager.findArtifacts(BuildPathManager.java:421)
	at org.eclipse.m2e.jdt.internal.BuildPathManager.findArtifact(BuildPathManager.java:439)
	at org.eclipse.m2e.jdt.internal.JavaElementsAdapterFactory.getAdapter(JavaElementsAdapterFactory.java:60)
	at org.eclipse.core.internal.adapter.AdapterFactoryProxy.lambda$5(AdapterFactoryProxy.java:111)
	at java.base/java.util.Optional.map(Optional.java:258)
	at org.eclipse.core.internal.adapter.AdapterFactoryProxy.getAdapter(AdapterFactoryProxy.java:111)
	at org.eclipse.core.internal.runtime.AdapterManager.getAdapter(AdapterManager.java:299)
	at org.eclipse.m2e.core.ui.internal.actions.SelectionUtil.getType(SelectionUtil.java:156)
	at org.eclipse.m2e.core.ui.internal.actions.MavenPropertyTester.test(MavenPropertyTester.java:73)
	at org.eclipse.core.internal.expressions.Property.test(Property.java:65)
	at org.eclipse.core.expressions.TestExpression.evaluate(TestExpression.java:107)
	at org.eclipse.core.expressions.CompositeExpression.evaluateAnd(CompositeExpression.java:54)
	at org.eclipse.core.expressions.AndExpression.evaluate(AndExpression.java:36)
	at org.eclipse.core.expressions.CompositeExpression.evaluateAnd(CompositeExpression.java:54)
	at org.eclipse.core.internal.expressions.EnablementExpression.evaluate(EnablementExpression.java:59)
	at org.eclipse.ui.internal.ObjectActionContributor$ObjectContribution.isApplicableTo(ObjectActionContributor.java:353)
	at org.eclipse.ui.internal.ObjectActionContributor.isApplicableTo(ObjectActionContributor.java:226)
	at org.eclipse.ui.internal.ObjectContributorManager.isApplicableTo(ObjectContributorManager.java:300)
	at org.eclipse.ui.internal.ObjectActionContributorManager.contributeObjectActions(ObjectActionContributorManager.java:89)
	at org.eclipse.ui.internal.PopupMenuExtender.addObjectActions(PopupMenuExtender.java:295)
	at org.eclipse.ui.internal.PopupMenuExtender.menuAboutToShow(PopupMenuExtender.java:367)
	at org.eclipse.jface.action.MenuManager.fireAboutToShow(MenuManager.java:338)
	at org.eclipse.jface.action.MenuManager.handleAboutToShow(MenuManager.java:468)
	at org.eclipse.jface.action.MenuManager.access$1(MenuManager.java:463)
	at org.eclipse.jface.action.MenuManager$2.menuShown(MenuManager.java:495)
	at org.eclipse.swt.widgets.TypedListener.handleEvent(TypedListener.java:259)
	at org.eclipse.swt.widgets.EventTable.sendEvent(EventTable.java:89)
	at org.eclipse.swt.widgets.Display.sendEvent(Display.java:4441)
	at org.eclipse.swt.widgets.Widget.sendEvent(Widget.java:1512)
	at org.eclipse.swt.widgets.Widget.sendEvent(Widget.java:1535)
	at org.eclipse.swt.widgets.Widget.sendEvent(Widget.java:1516)
	at org.eclipse.swt.widgets.Menu.menuWillOpen(Menu.java:808)
	at org.eclipse.swt.widgets.Display.windowProc(Display.java:6183)
	at org.eclipse.swt.internal.cocoa.OS.objc_msgSend(Native Method)
	at org.eclipse.swt.internal.cocoa.NSMenu.popUpContextMenu(NSMenu.java:80)
	at org.eclipse.swt.widgets.Menu._setVisible(Menu.java:270)
	at org.eclipse.swt.widgets.Display.runPopups(Display.java:4304)
	at org.eclipse.swt.widgets.Display.readAndDispatch(Display.java:3830)
	at org.eclipse.e4.ui.internal.workbench.swt.PartRenderingEngine$5.run(PartRenderingEngine.java:1157)
	at org.eclipse.core.databinding.observable.Realm.runWithDefault(Realm.java:338)
	at org.eclipse.e4.ui.internal.workbench.swt.PartRenderingEngine.run(PartRenderingEngine.java:1046)
	at org.eclipse.e4.ui.internal.workbench.E4Workbench.createAndRunUI(E4Workbench.java:155)
	at org.eclipse.ui.internal.Workbench.lambda$3(Workbench.java:644)
	at org.eclipse.core.databinding.observable.Realm.runWithDefault(Realm.java:338)
	at org.eclipse.ui.internal.Workbench.createAndRunWorkbench(Workbench.java:551)
	at org.eclipse.ui.PlatformUI.createAndRunWorkbench(PlatformUI.java:156)
	at org.eclipse.ui.internal.ide.application.IDEApplication.start(IDEApplication.java:152)
	at org.eclipse.equinox.internal.app.EclipseAppHandle.run(EclipseAppHandle.java:203)
	at org.eclipse.core.runtime.internal.adaptor.EclipseAppLauncher.runApplication(EclipseAppLauncher.java:134)
	at org.eclipse.core.runtime.internal.adaptor.EclipseAppLauncher.start(EclipseAppLauncher.java:104)
	at org.eclipse.core.runtime.adaptor.EclipseStarter.run(EclipseStarter.java:401)
	at org.eclipse.core.runtime.adaptor.EclipseStarter.run(EclipseStarter.java:255)
	at java.base/jdk.internal.reflect.NativeMethodAccessorImpl.invoke0(Native Method)
	at java.base/jdk.internal.reflect.NativeMethodAccessorImpl.invoke(NativeMethodAccessorImpl.java:64)
	at java.base/jdk.internal.reflect.DelegatingMethodAccessorImpl.invoke(DelegatingMethodAccessorImpl.java:43)
	at java.base/java.lang.reflect.Method.invoke(Method.java:564)
	at org.eclipse.equinox.launcher.Main.invokeFramework(Main.java:653)
	at org.eclipse.equinox.launcher.Main.basicRun(Main.java:590)
	at org.eclipse.equinox.launcher.Main.run(Main.java:1461)
Caused by: java.io.FileNotFoundException: /Users/lemes/Downloads/mysql-connector-java-8.0.17.jar (No such file or directory)
	at java.base/java.io.FileInputStream.open0(Native Method)
	at java.base/java.io.FileInputStream.open(FileInputStream.java:211)
	at java.base/java.io.FileInputStream.<init>(FileInputStream.java:153)
	at org.eclipse.m2e.core.internal.index.nexus.NexusIndexManager.identify(NexusIndexManager.java:1264)
	at org.eclipse.m2e.core.internal.index.nexus.NexusIndexManager.identify(NexusIndexManager.java:300)
	... 63 common frames omitted
2021-04-25 05:44:48,451 [main] ERROR o.e.m.j.i.JavaElementsAdapterFactory - Can't find artifact for /Users/lemes/Downloads/mysql-connector-java-8.0.17.jar (not open)
org.eclipse.core.runtime.CoreException: Search error
	at org.eclipse.m2e.core.internal.index.nexus.NexusIndexManager.identify(NexusIndexManager.java:303)
	at org.eclipse.m2e.core.internal.index.nexus.NexusIndex.identify(NexusIndex.java:143)
	at org.eclipse.m2e.core.internal.index.nexus.CompositeIndex.identifyAll(CompositeIndex.java:69)
	at org.eclipse.m2e.core.internal.index.nexus.CompositeIndex.identify(CompositeIndex.java:61)
	at org.eclipse.m2e.jdt.internal.BuildPathManager.findArtifactInIndex(BuildPathManager.java:477)
	at org.eclipse.m2e.jdt.internal.BuildPathManager.findArtifacts(BuildPathManager.java:421)
	at org.eclipse.m2e.jdt.internal.BuildPathManager.findArtifact(BuildPathManager.java:439)
	at org.eclipse.m2e.jdt.internal.JavaElementsAdapterFactory.getAdapter(JavaElementsAdapterFactory.java:60)
	at org.eclipse.core.internal.adapter.AdapterFactoryProxy.lambda$5(AdapterFactoryProxy.java:111)
	at java.base/java.util.Optional.map(Optional.java:258)
	at org.eclipse.core.internal.adapter.AdapterFactoryProxy.getAdapter(AdapterFactoryProxy.java:111)
	at org.eclipse.core.internal.runtime.AdapterManager.getAdapter(AdapterManager.java:299)
	at org.eclipse.core.runtime.PlatformObject.getAdapter(PlatformObject.java:72)
	at org.eclipse.m2e.core.ui.internal.actions.SelectionUtil.getType(SelectionUtil.java:151)
	at org.eclipse.m2e.core.ui.internal.actions.MavenPropertyTester.test(MavenPropertyTester.java:78)
	at org.eclipse.core.internal.expressions.Property.test(Property.java:65)
	at org.eclipse.core.expressions.TestExpression.evaluate(TestExpression.java:107)
	at org.eclipse.core.expressions.CompositeExpression.evaluateAnd(CompositeExpression.java:54)
	at org.eclipse.core.internal.expressions.EnablementExpression.evaluate(EnablementExpression.java:59)
	at org.eclipse.ui.internal.ObjectActionContributor$ObjectContribution.isApplicableTo(ObjectActionContributor.java:353)
	at org.eclipse.ui.internal.ObjectActionContributor.isApplicableTo(ObjectActionContributor.java:226)
	at org.eclipse.ui.internal.ObjectContributorManager.isApplicableTo(ObjectContributorManager.java:300)
	at org.eclipse.ui.internal.ObjectActionContributorManager.contributeObjectActions(ObjectActionContributorManager.java:89)
	at org.eclipse.ui.internal.PopupMenuExtender.addObjectActions(PopupMenuExtender.java:295)
	at org.eclipse.ui.internal.PopupMenuExtender.menuAboutToShow(PopupMenuExtender.java:367)
	at org.eclipse.jface.action.MenuManager.fireAboutToShow(MenuManager.java:338)
	at org.eclipse.jface.action.MenuManager.handleAboutToShow(MenuManager.java:468)
	at org.eclipse.jface.action.MenuManager.access$1(MenuManager.java:463)
	at org.eclipse.jface.action.MenuManager$2.menuShown(MenuManager.java:495)
	at org.eclipse.swt.widgets.TypedListener.handleEvent(TypedListener.java:259)
	at org.eclipse.swt.widgets.EventTable.sendEvent(EventTable.java:89)
	at org.eclipse.swt.widgets.Display.sendEvent(Display.java:4441)
	at org.eclipse.swt.widgets.Widget.sendEvent(Widget.java:1512)
	at org.eclipse.swt.widgets.Widget.sendEvent(Widget.java:1535)
	at org.eclipse.swt.widgets.Widget.sendEvent(Widget.java:1516)
	at org.eclipse.swt.widgets.Menu.menuWillOpen(Menu.java:808)
	at org.eclipse.swt.widgets.Display.windowProc(Display.java:6183)
	at org.eclipse.swt.internal.cocoa.OS.objc_msgSend(Native Method)
	at org.eclipse.swt.internal.cocoa.NSMenu.popUpContextMenu(NSMenu.java:80)
	at org.eclipse.swt.widgets.Menu._setVisible(Menu.java:270)
	at org.eclipse.swt.widgets.Display.runPopups(Display.java:4304)
	at org.eclipse.swt.widgets.Display.readAndDispatch(Display.java:3830)
	at org.eclipse.e4.ui.internal.workbench.swt.PartRenderingEngine$5.run(PartRenderingEngine.java:1157)
	at org.eclipse.core.databinding.observable.Realm.runWithDefault(Realm.java:338)
	at org.eclipse.e4.ui.internal.workbench.swt.PartRenderingEngine.run(PartRenderingEngine.java:1046)
	at org.eclipse.e4.ui.internal.workbench.E4Workbench.createAndRunUI(E4Workbench.java:155)
	at org.eclipse.ui.internal.Workbench.lambda$3(Workbench.java:644)
	at org.eclipse.core.databinding.observable.Realm.runWithDefault(Realm.java:338)
	at org.eclipse.ui.internal.Workbench.createAndRunWorkbench(Workbench.java:551)
	at org.eclipse.ui.PlatformUI.createAndRunWorkbench(PlatformUI.java:156)
	at org.eclipse.ui.internal.ide.application.IDEApplication.start(IDEApplication.java:152)
	at org.eclipse.equinox.internal.app.EclipseAppHandle.run(EclipseAppHandle.java:203)
	at org.eclipse.core.runtime.internal.adaptor.EclipseAppLauncher.runApplication(EclipseAppLauncher.java:134)
	at org.eclipse.core.runtime.internal.adaptor.EclipseAppLauncher.start(EclipseAppLauncher.java:104)
	at org.eclipse.core.runtime.adaptor.EclipseStarter.run(EclipseStarter.java:401)
	at org.eclipse.core.runtime.adaptor.EclipseStarter.run(EclipseStarter.java:255)
	at java.base/jdk.internal.reflect.NativeMethodAccessorImpl.invoke0(Native Method)
	at java.base/jdk.internal.reflect.NativeMethodAccessorImpl.invoke(NativeMethodAccessorImpl.java:64)
	at java.base/jdk.internal.reflect.DelegatingMethodAccessorImpl.invoke(DelegatingMethodAccessorImpl.java:43)
	at java.base/java.lang.reflect.Method.invoke(Method.java:564)
	at org.eclipse.equinox.launcher.Main.invokeFramework(Main.java:653)
	at org.eclipse.equinox.launcher.Main.basicRun(Main.java:590)
	at org.eclipse.equinox.launcher.Main.run(Main.java:1461)
Caused by: java.io.FileNotFoundException: /Users/lemes/Downloads/mysql-connector-java-8.0.17.jar (No such file or directory)
	at java.base/java.io.FileInputStream.open0(Native Method)
	at java.base/java.io.FileInputStream.open(FileInputStream.java:211)
	at java.base/java.io.FileInputStream.<init>(FileInputStream.java:153)
	at org.eclipse.m2e.core.internal.index.nexus.NexusIndexManager.identify(NexusIndexManager.java:1264)
	at org.eclipse.m2e.core.internal.index.nexus.NexusIndexManager.identify(NexusIndexManager.java:300)
	... 62 common frames omitted
2021-04-25 05:44:48,452 [main] ERROR o.e.m.j.i.JavaElementsAdapterFactory - Can't find artifact for /Users/lemes/Downloads/mysql-connector-java-8.0.17.jar (not open)
org.eclipse.core.runtime.CoreException: Search error
	at org.eclipse.m2e.core.internal.index.nexus.NexusIndexManager.identify(NexusIndexManager.java:303)
	at org.eclipse.m2e.core.internal.index.nexus.NexusIndex.identify(NexusIndex.java:143)
	at org.eclipse.m2e.core.internal.index.nexus.CompositeIndex.identifyAll(CompositeIndex.java:69)
	at org.eclipse.m2e.core.internal.index.nexus.CompositeIndex.identify(CompositeIndex.java:61)
	at org.eclipse.m2e.jdt.internal.BuildPathManager.findArtifactInIndex(BuildPathManager.java:477)
	at org.eclipse.m2e.jdt.internal.BuildPathManager.findArtifacts(BuildPathManager.java:421)
	at org.eclipse.m2e.jdt.internal.BuildPathManager.findArtifact(BuildPathManager.java:439)
	at org.eclipse.m2e.jdt.internal.JavaElementsAdapterFactory.getAdapter(JavaElementsAdapterFactory.java:60)
	at org.eclipse.core.internal.adapter.AdapterFactoryProxy.lambda$5(AdapterFactoryProxy.java:111)
	at java.base/java.util.Optional.map(Optional.java:258)
	at org.eclipse.core.internal.adapter.AdapterFactoryProxy.getAdapter(AdapterFactoryProxy.java:111)
	at org.eclipse.core.internal.runtime.AdapterManager.getAdapter(AdapterManager.java:299)
	at org.eclipse.m2e.core.ui.internal.actions.SelectionUtil.getType(SelectionUtil.java:156)
	at org.eclipse.m2e.core.ui.internal.actions.MavenPropertyTester.test(MavenPropertyTester.java:78)
	at org.eclipse.core.internal.expressions.Property.test(Property.java:65)
	at org.eclipse.core.expressions.TestExpression.evaluate(TestExpression.java:107)
	at org.eclipse.core.expressions.CompositeExpression.evaluateAnd(CompositeExpression.java:54)
	at org.eclipse.core.internal.expressions.EnablementExpression.evaluate(EnablementExpression.java:59)
	at org.eclipse.ui.internal.ObjectActionContributor$ObjectContribution.isApplicableTo(ObjectActionContributor.java:353)
	at org.eclipse.ui.internal.ObjectActionContributor.isApplicableTo(ObjectActionContributor.java:226)
	at org.eclipse.ui.internal.ObjectContributorManager.isApplicableTo(ObjectContributorManager.java:300)
	at org.eclipse.ui.internal.ObjectActionContributorManager.contributeObjectActions(ObjectActionContributorManager.java:89)
	at org.eclipse.ui.internal.PopupMenuExtender.addObjectActions(PopupMenuExtender.java:295)
	at org.eclipse.ui.internal.PopupMenuExtender.menuAboutToShow(PopupMenuExtender.java:367)
	at org.eclipse.jface.action.MenuManager.fireAboutToShow(MenuManager.java:338)
	at org.eclipse.jface.action.MenuManager.handleAboutToShow(MenuManager.java:468)
	at org.eclipse.jface.action.MenuManager.access$1(MenuManager.java:463)
	at org.eclipse.jface.action.MenuManager$2.menuShown(MenuManager.java:495)
	at org.eclipse.swt.widgets.TypedListener.handleEvent(TypedListener.java:259)
	at org.eclipse.swt.widgets.EventTable.sendEvent(EventTable.java:89)
	at org.eclipse.swt.widgets.Display.sendEvent(Display.java:4441)
	at org.eclipse.swt.widgets.Widget.sendEvent(Widget.java:1512)
	at org.eclipse.swt.widgets.Widget.sendEvent(Widget.java:1535)
	at org.eclipse.swt.widgets.Widget.sendEvent(Widget.java:1516)
	at org.eclipse.swt.widgets.Menu.menuWillOpen(Menu.java:808)
	at org.eclipse.swt.widgets.Display.windowProc(Display.java:6183)
	at org.eclipse.swt.internal.cocoa.OS.objc_msgSend(Native Method)
	at org.eclipse.swt.internal.cocoa.NSMenu.popUpContextMenu(NSMenu.java:80)
	at org.eclipse.swt.widgets.Menu._setVisible(Menu.java:270)
	at org.eclipse.swt.widgets.Display.runPopups(Display.java:4304)
	at org.eclipse.swt.widgets.Display.readAndDispatch(Display.java:3830)
	at org.eclipse.e4.ui.internal.workbench.swt.PartRenderingEngine$5.run(PartRenderingEngine.java:1157)
	at org.eclipse.core.databinding.observable.Realm.runWithDefault(Realm.java:338)
	at org.eclipse.e4.ui.internal.workbench.swt.PartRenderingEngine.run(PartRenderingEngine.java:1046)
	at org.eclipse.e4.ui.internal.workbench.E4Workbench.createAndRunUI(E4Workbench.java:155)
	at org.eclipse.ui.internal.Workbench.lambda$3(Workbench.java:644)
	at org.eclipse.core.databinding.observable.Realm.runWithDefault(Realm.java:338)
	at org.eclipse.ui.internal.Workbench.createAndRunWorkbench(Workbench.java:551)
	at org.eclipse.ui.PlatformUI.createAndRunWorkbench(PlatformUI.java:156)
	at org.eclipse.ui.internal.ide.application.IDEApplication.start(IDEApplication.java:152)
	at org.eclipse.equinox.internal.app.EclipseAppHandle.run(EclipseAppHandle.java:203)
	at org.eclipse.core.runtime.internal.adaptor.EclipseAppLauncher.runApplication(EclipseAppLauncher.java:134)
	at org.eclipse.core.runtime.internal.adaptor.EclipseAppLauncher.start(EclipseAppLauncher.java:104)
	at org.eclipse.core.runtime.adaptor.EclipseStarter.run(EclipseStarter.java:401)
	at org.eclipse.core.runtime.adaptor.EclipseStarter.run(EclipseStarter.java:255)
	at java.base/jdk.internal.reflect.NativeMethodAccessorImpl.invoke0(Native Method)
	at java.base/jdk.internal.reflect.NativeMethodAccessorImpl.invoke(NativeMethodAccessorImpl.java:64)
	at java.base/jdk.internal.reflect.DelegatingMethodAccessorImpl.invoke(DelegatingMethodAccessorImpl.java:43)
	at java.base/java.lang.reflect.Method.invoke(Method.java:564)
	at org.eclipse.equinox.launcher.Main.invokeFramework(Main.java:653)
	at org.eclipse.equinox.launcher.Main.basicRun(Main.java:590)
	at org.eclipse.equinox.launcher.Main.run(Main.java:1461)
Caused by: java.io.FileNotFoundException: /Users/lemes/Downloads/mysql-connector-java-8.0.17.jar (No such file or directory)
	at java.base/java.io.FileInputStream.open0(Native Method)
	at java.base/java.io.FileInputStream.open(FileInputStream.java:211)
	at java.base/java.io.FileInputStream.<init>(FileInputStream.java:153)
	at org.eclipse.m2e.core.internal.index.nexus.NexusIndexManager.identify(NexusIndexManager.java:1264)
	at org.eclipse.m2e.core.internal.index.nexus.NexusIndexManager.identify(NexusIndexManager.java:300)
	... 61 common frames omitted
2021-04-25 05:44:48,454 [main] ERROR o.e.m.j.i.JavaElementsAdapterFactory - Can't find artifact for /Users/lemes/Downloads/mysql-connector-java-8.0.17.jar (not open)
org.eclipse.core.runtime.CoreException: Search error
	at org.eclipse.m2e.core.internal.index.nexus.NexusIndexManager.identify(NexusIndexManager.java:303)
	at org.eclipse.m2e.core.internal.index.nexus.NexusIndex.identify(NexusIndex.java:143)
	at org.eclipse.m2e.core.internal.index.nexus.CompositeIndex.identifyAll(CompositeIndex.java:69)
	at org.eclipse.m2e.core.internal.index.nexus.CompositeIndex.identify(CompositeIndex.java:61)
	at org.eclipse.m2e.jdt.internal.BuildPathManager.findArtifactInIndex(BuildPathManager.java:477)
	at org.eclipse.m2e.jdt.internal.BuildPathManager.findArtifacts(BuildPathManager.java:421)
	at org.eclipse.m2e.jdt.internal.BuildPathManager.findArtifact(BuildPathManager.java:439)
	at org.eclipse.m2e.jdt.internal.JavaElementsAdapterFactory.getAdapter(JavaElementsAdapterFactory.java:60)
	at org.eclipse.core.internal.adapter.AdapterFactoryProxy.lambda$5(AdapterFactoryProxy.java:111)
	at java.base/java.util.Optional.map(Optional.java:258)
	at org.eclipse.core.internal.adapter.AdapterFactoryProxy.getAdapter(AdapterFactoryProxy.java:111)
	at org.eclipse.core.internal.runtime.AdapterManager.getAdapter(AdapterManager.java:299)
	at org.eclipse.core.runtime.PlatformObject.getAdapter(PlatformObject.java:72)
	at org.eclipse.m2e.core.ui.internal.actions.SelectionUtil.getType(SelectionUtil.java:151)
	at org.eclipse.m2e.core.ui.internal.actions.MavenPropertyTester.test(MavenPropertyTester.java:73)
	at org.eclipse.core.internal.expressions.Property.test(Property.java:65)
	at org.eclipse.core.expressions.TestExpression.evaluate(TestExpression.java:107)
	at org.eclipse.core.expressions.CompositeExpression.evaluateAnd(CompositeExpression.java:54)
	at org.eclipse.core.expressions.AndExpression.evaluate(AndExpression.java:36)
	at org.eclipse.core.expressions.CompositeExpression.evaluateAnd(CompositeExpression.java:54)
	at org.eclipse.core.internal.expressions.EnablementExpression.evaluate(EnablementExpression.java:59)
	at org.eclipse.ui.internal.ObjectActionContributor$ObjectContribution.isApplicableTo(ObjectActionContributor.java:353)
	at org.eclipse.ui.internal.ObjectActionContributor.isApplicableTo(ObjectActionContributor.java:226)
	at org.eclipse.ui.internal.ObjectContributorManager.isApplicableTo(ObjectContributorManager.java:300)
	at org.eclipse.ui.internal.ObjectActionContributorManager.contributeObjectActions(ObjectActionContributorManager.java:89)
	at org.eclipse.ui.internal.PopupMenuExtender.addObjectActions(PopupMenuExtender.java:295)
	at org.eclipse.ui.internal.PopupMenuExtender.menuAboutToShow(PopupMenuExtender.java:367)
	at org.eclipse.jface.action.MenuManager.fireAboutToShow(MenuManager.java:338)
	at org.eclipse.jface.action.MenuManager.handleAboutToShow(MenuManager.java:468)
	at org.eclipse.jface.action.MenuManager.access$1(MenuManager.java:463)
	at org.eclipse.jface.action.MenuManager$2.menuShown(MenuManager.java:495)
	at org.eclipse.swt.widgets.TypedListener.handleEvent(TypedListener.java:259)
	at org.eclipse.swt.widgets.EventTable.sendEvent(EventTable.java:89)
	at org.eclipse.swt.widgets.Display.sendEvent(Display.java:4441)
	at org.eclipse.swt.widgets.Widget.sendEvent(Widget.java:1512)
	at org.eclipse.swt.widgets.Widget.sendEvent(Widget.java:1535)
	at org.eclipse.swt.widgets.Widget.sendEvent(Widget.java:1516)
	at org.eclipse.swt.widgets.Menu.menuWillOpen(Menu.java:808)
	at org.eclipse.swt.widgets.Display.windowProc(Display.java:6183)
	at org.eclipse.swt.internal.cocoa.OS.objc_msgSend(Native Method)
	at org.eclipse.swt.internal.cocoa.NSMenu.popUpContextMenu(NSMenu.java:80)
	at org.eclipse.swt.widgets.Menu._setVisible(Menu.java:270)
	at org.eclipse.swt.widgets.Display.runPopups(Display.java:4304)
	at org.eclipse.swt.widgets.Display.readAndDispatch(Display.java:3830)
	at org.eclipse.e4.ui.internal.workbench.swt.PartRenderingEngine$5.run(PartRenderingEngine.java:1157)
	at org.eclipse.core.databinding.observable.Realm.runWithDefault(Realm.java:338)
	at org.eclipse.e4.ui.internal.workbench.swt.PartRenderingEngine.run(PartRenderingEngine.java:1046)
	at org.eclipse.e4.ui.internal.workbench.E4Workbench.createAndRunUI(E4Workbench.java:155)
	at org.eclipse.ui.internal.Workbench.lambda$3(Workbench.java:644)
	at org.eclipse.core.databinding.observable.Realm.runWithDefault(Realm.java:338)
	at org.eclipse.ui.internal.Workbench.createAndRunWorkbench(Workbench.java:551)
	at org.eclipse.ui.PlatformUI.createAndRunWorkbench(PlatformUI.java:156)
	at org.eclipse.ui.internal.ide.application.IDEApplication.start(IDEApplication.java:152)
	at org.eclipse.equinox.internal.app.EclipseAppHandle.run(EclipseAppHandle.java:203)
	at org.eclipse.core.runtime.internal.adaptor.EclipseAppLauncher.runApplication(EclipseAppLauncher.java:134)
	at org.eclipse.core.runtime.internal.adaptor.EclipseAppLauncher.start(EclipseAppLauncher.java:104)
	at org.eclipse.core.runtime.adaptor.EclipseStarter.run(EclipseStarter.java:401)
	at org.eclipse.core.runtime.adaptor.EclipseStarter.run(EclipseStarter.java:255)
	at java.base/jdk.internal.reflect.NativeMethodAccessorImpl.invoke0(Native Method)
	at java.base/jdk.internal.reflect.NativeMethodAccessorImpl.invoke(NativeMethodAccessorImpl.java:64)
	at java.base/jdk.internal.reflect.DelegatingMethodAccessorImpl.invoke(DelegatingMethodAccessorImpl.java:43)
	at java.base/java.lang.reflect.Method.invoke(Method.java:564)
	at org.eclipse.equinox.launcher.Main.invokeFramework(Main.java:653)
	at org.eclipse.equinox.launcher.Main.basicRun(Main.java:590)
	at org.eclipse.equinox.launcher.Main.run(Main.java:1461)
Caused by: java.io.FileNotFoundException: /Users/lemes/Downloads/mysql-connector-java-8.0.17.jar (No such file or directory)
	at java.base/java.io.FileInputStream.open0(Native Method)
	at java.base/java.io.FileInputStream.open(FileInputStream.java:211)
	at java.base/java.io.FileInputStream.<init>(FileInputStream.java:153)
	at org.eclipse.m2e.core.internal.index.nexus.NexusIndexManager.identify(NexusIndexManager.java:1264)
	at org.eclipse.m2e.core.internal.index.nexus.NexusIndexManager.identify(NexusIndexManager.java:300)
	... 64 common frames omitted
2021-04-25 05:44:48,457 [main] ERROR o.e.m.j.i.JavaElementsAdapterFactory - Can't find artifact for /Users/lemes/Downloads/mysql-connector-java-8.0.17.jar (not open)
org.eclipse.core.runtime.CoreException: Search error
	at org.eclipse.m2e.core.internal.index.nexus.NexusIndexManager.identify(NexusIndexManager.java:303)
	at org.eclipse.m2e.core.internal.index.nexus.NexusIndex.identify(NexusIndex.java:143)
	at org.eclipse.m2e.core.internal.index.nexus.CompositeIndex.identifyAll(CompositeIndex.java:69)
	at org.eclipse.m2e.core.internal.index.nexus.CompositeIndex.identify(CompositeIndex.java:61)
	at org.eclipse.m2e.jdt.internal.BuildPathManager.findArtifactInIndex(BuildPathManager.java:477)
	at org.eclipse.m2e.jdt.internal.BuildPathManager.findArtifacts(BuildPathManager.java:421)
	at org.eclipse.m2e.jdt.internal.BuildPathManager.findArtifact(BuildPathManager.java:439)
	at org.eclipse.m2e.jdt.internal.JavaElementsAdapterFactory.getAdapter(JavaElementsAdapterFactory.java:60)
	at org.eclipse.core.internal.adapter.AdapterFactoryProxy.lambda$5(AdapterFactoryProxy.java:111)
	at java.base/java.util.Optional.map(Optional.java:258)
	at org.eclipse.core.internal.adapter.AdapterFactoryProxy.getAdapter(AdapterFactoryProxy.java:111)
	at org.eclipse.core.internal.runtime.AdapterManager.getAdapter(AdapterManager.java:299)
	at org.eclipse.m2e.core.ui.internal.actions.SelectionUtil.getType(SelectionUtil.java:156)
	at org.eclipse.m2e.core.ui.internal.actions.MavenPropertyTester.test(MavenPropertyTester.java:73)
	at org.eclipse.core.internal.expressions.Property.test(Property.java:65)
	at org.eclipse.core.expressions.TestExpression.evaluate(TestExpression.java:107)
	at org.eclipse.core.expressions.CompositeExpression.evaluateAnd(CompositeExpression.java:54)
	at org.eclipse.core.expressions.AndExpression.evaluate(AndExpression.java:36)
	at org.eclipse.core.expressions.CompositeExpression.evaluateAnd(CompositeExpression.java:54)
	at org.eclipse.core.internal.expressions.EnablementExpression.evaluate(EnablementExpression.java:59)
	at org.eclipse.ui.internal.ObjectActionContributor$ObjectContribution.isApplicableTo(ObjectActionContributor.java:353)
	at org.eclipse.ui.internal.ObjectActionContributor.isApplicableTo(ObjectActionContributor.java:226)
	at org.eclipse.ui.internal.ObjectContributorManager.isApplicableTo(ObjectContributorManager.java:300)
	at org.eclipse.ui.internal.ObjectActionContributorManager.contributeObjectActions(ObjectActionContributorManager.java:89)
	at org.eclipse.ui.internal.PopupMenuExtender.addObjectActions(PopupMenuExtender.java:295)
	at org.eclipse.ui.internal.PopupMenuExtender.menuAboutToShow(PopupMenuExtender.java:367)
	at org.eclipse.jface.action.MenuManager.fireAboutToShow(MenuManager.java:338)
	at org.eclipse.jface.action.MenuManager.handleAboutToShow(MenuManager.java:468)
	at org.eclipse.jface.action.MenuManager.access$1(MenuManager.java:463)
	at org.eclipse.jface.action.MenuManager$2.menuShown(MenuManager.java:495)
	at org.eclipse.swt.widgets.TypedListener.handleEvent(TypedListener.java:259)
	at org.eclipse.swt.widgets.EventTable.sendEvent(EventTable.java:89)
	at org.eclipse.swt.widgets.Display.sendEvent(Display.java:4441)
	at org.eclipse.swt.widgets.Widget.sendEvent(Widget.java:1512)
	at org.eclipse.swt.widgets.Widget.sendEvent(Widget.java:1535)
	at org.eclipse.swt.widgets.Widget.sendEvent(Widget.java:1516)
	at org.eclipse.swt.widgets.Menu.menuWillOpen(Menu.java:808)
	at org.eclipse.swt.widgets.Display.windowProc(Display.java:6183)
	at org.eclipse.swt.internal.cocoa.OS.objc_msgSend(Native Method)
	at org.eclipse.swt.internal.cocoa.NSMenu.popUpContextMenu(NSMenu.java:80)
	at org.eclipse.swt.widgets.Menu._setVisible(Menu.java:270)
	at org.eclipse.swt.widgets.Display.runPopups(Display.java:4304)
	at org.eclipse.swt.widgets.Display.readAndDispatch(Display.java:3830)
	at org.eclipse.e4.ui.internal.workbench.swt.PartRenderingEngine$5.run(PartRenderingEngine.java:1157)
	at org.eclipse.core.databinding.observable.Realm.runWithDefault(Realm.java:338)
	at org.eclipse.e4.ui.internal.workbench.swt.PartRenderingEngine.run(PartRenderingEngine.java:1046)
	at org.eclipse.e4.ui.internal.workbench.E4Workbench.createAndRunUI(E4Workbench.java:155)
	at org.eclipse.ui.internal.Workbench.lambda$3(Workbench.java:644)
	at org.eclipse.core.databinding.observable.Realm.runWithDefault(Realm.java:338)
	at org.eclipse.ui.internal.Workbench.createAndRunWorkbench(Workbench.java:551)
	at org.eclipse.ui.PlatformUI.createAndRunWorkbench(PlatformUI.java:156)
	at org.eclipse.ui.internal.ide.application.IDEApplication.start(IDEApplication.java:152)
	at org.eclipse.equinox.internal.app.EclipseAppHandle.run(EclipseAppHandle.java:203)
	at org.eclipse.core.runtime.internal.adaptor.EclipseAppLauncher.runApplication(EclipseAppLauncher.java:134)
	at org.eclipse.core.runtime.internal.adaptor.EclipseAppLauncher.start(EclipseAppLauncher.java:104)
	at org.eclipse.core.runtime.adaptor.EclipseStarter.run(EclipseStarter.java:401)
	at org.eclipse.core.runtime.adaptor.EclipseStarter.run(EclipseStarter.java:255)
	at java.base/jdk.internal.reflect.NativeMethodAccessorImpl.invoke0(Native Method)
	at java.base/jdk.internal.reflect.NativeMethodAccessorImpl.invoke(NativeMethodAccessorImpl.java:64)
	at java.base/jdk.internal.reflect.DelegatingMethodAccessorImpl.invoke(DelegatingMethodAccessorImpl.java:43)
	at java.base/java.lang.reflect.Method.invoke(Method.java:564)
	at org.eclipse.equinox.launcher.Main.invokeFramework(Main.java:653)
	at org.eclipse.equinox.launcher.Main.basicRun(Main.java:590)
	at org.eclipse.equinox.launcher.Main.run(Main.java:1461)
Caused by: java.io.FileNotFoundException: /Users/lemes/Downloads/mysql-connector-java-8.0.17.jar (No such file or directory)
	at java.base/java.io.FileInputStream.open0(Native Method)
	at java.base/java.io.FileInputStream.open(FileInputStream.java:211)
	at java.base/java.io.FileInputStream.<init>(FileInputStream.java:153)
	at org.eclipse.m2e.core.internal.index.nexus.NexusIndexManager.identify(NexusIndexManager.java:1264)
	at org.eclipse.m2e.core.internal.index.nexus.NexusIndexManager.identify(NexusIndexManager.java:300)
	... 63 common frames omitted
2021-04-25 05:44:48,458 [main] ERROR o.e.m.j.i.JavaElementsAdapterFactory - Can't find artifact for /Users/lemes/Downloads/mysql-connector-java-8.0.17.jar (not open)
org.eclipse.core.runtime.CoreException: Search error
	at org.eclipse.m2e.core.internal.index.nexus.NexusIndexManager.identify(NexusIndexManager.java:303)
	at org.eclipse.m2e.core.internal.index.nexus.NexusIndex.identify(NexusIndex.java:143)
	at org.eclipse.m2e.core.internal.index.nexus.CompositeIndex.identifyAll(CompositeIndex.java:69)
	at org.eclipse.m2e.core.internal.index.nexus.CompositeIndex.identify(CompositeIndex.java:61)
	at org.eclipse.m2e.jdt.internal.BuildPathManager.findArtifactInIndex(BuildPathManager.java:477)
	at org.eclipse.m2e.jdt.internal.BuildPathManager.findArtifacts(BuildPathManager.java:421)
	at org.eclipse.m2e.jdt.internal.BuildPathManager.findArtifact(BuildPathManager.java:439)
	at org.eclipse.m2e.jdt.internal.JavaElementsAdapterFactory.getAdapter(JavaElementsAdapterFactory.java:60)
	at org.eclipse.core.internal.adapter.AdapterFactoryProxy.lambda$5(AdapterFactoryProxy.java:111)
	at java.base/java.util.Optional.map(Optional.java:258)
	at org.eclipse.core.internal.adapter.AdapterFactoryProxy.getAdapter(AdapterFactoryProxy.java:111)
	at org.eclipse.core.internal.runtime.AdapterManager.getAdapter(AdapterManager.java:299)
	at org.eclipse.core.runtime.PlatformObject.getAdapter(PlatformObject.java:72)
	at org.eclipse.m2e.core.ui.internal.actions.SelectionUtil.getType(SelectionUtil.java:151)
	at org.eclipse.m2e.core.ui.internal.actions.MavenPropertyTester.test(MavenPropertyTester.java:73)
	at org.eclipse.core.internal.expressions.Property.test(Property.java:65)
	at org.eclipse.core.expressions.TestExpression.evaluate(TestExpression.java:107)
	at org.eclipse.core.expressions.CompositeExpression.evaluateAnd(CompositeExpression.java:54)
	at org.eclipse.core.expressions.AndExpression.evaluate(AndExpression.java:36)
	at org.eclipse.core.expressions.CompositeExpression.evaluateAnd(CompositeExpression.java:54)
	at org.eclipse.core.internal.expressions.EnablementExpression.evaluate(EnablementExpression.java:59)
	at org.eclipse.ui.internal.ObjectActionContributor$ObjectContribution.isApplicableTo(ObjectActionContributor.java:353)
	at org.eclipse.ui.internal.ObjectActionContributor.isApplicableTo(ObjectActionContributor.java:226)
	at org.eclipse.ui.internal.ObjectContributorManager.isApplicableTo(ObjectContributorManager.java:300)
	at org.eclipse.ui.internal.ObjectActionContributorManager.contributeObjectActions(ObjectActionContributorManager.java:89)
	at org.eclipse.ui.internal.PopupMenuExtender.addObjectActions(PopupMenuExtender.java:295)
	at org.eclipse.ui.internal.PopupMenuExtender.menuAboutToShow(PopupMenuExtender.java:367)
	at org.eclipse.jface.action.MenuManager.fireAboutToShow(MenuManager.java:338)
	at org.eclipse.jface.action.MenuManager.handleAboutToShow(MenuManager.java:468)
	at org.eclipse.jface.action.MenuManager.access$1(MenuManager.java:463)
	at org.eclipse.jface.action.MenuManager$2.menuShown(MenuManager.java:495)
	at org.eclipse.swt.widgets.TypedListener.handleEvent(TypedListener.java:259)
	at org.eclipse.swt.widgets.EventTable.sendEvent(EventTable.java:89)
	at org.eclipse.swt.widgets.Display.sendEvent(Display.java:4441)
	at org.eclipse.swt.widgets.Widget.sendEvent(Widget.java:1512)
	at org.eclipse.swt.widgets.Widget.sendEvent(Widget.java:1535)
	at org.eclipse.swt.widgets.Widget.sendEvent(Widget.java:1516)
	at org.eclipse.swt.widgets.Menu.menuWillOpen(Menu.java:808)
	at org.eclipse.swt.widgets.Display.windowProc(Display.java:6183)
	at org.eclipse.swt.internal.cocoa.OS.objc_msgSend(Native Method)
	at org.eclipse.swt.internal.cocoa.NSMenu.popUpContextMenu(NSMenu.java:80)
	at org.eclipse.swt.widgets.Menu._setVisible(Menu.java:270)
	at org.eclipse.swt.widgets.Display.runPopups(Display.java:4304)
	at org.eclipse.swt.widgets.Display.readAndDispatch(Display.java:3830)
	at org.eclipse.e4.ui.internal.workbench.swt.PartRenderingEngine$5.run(PartRenderingEngine.java:1157)
	at org.eclipse.core.databinding.observable.Realm.runWithDefault(Realm.java:338)
	at org.eclipse.e4.ui.internal.workbench.swt.PartRenderingEngine.run(PartRenderingEngine.java:1046)
	at org.eclipse.e4.ui.internal.workbench.E4Workbench.createAndRunUI(E4Workbench.java:155)
	at org.eclipse.ui.internal.Workbench.lambda$3(Workbench.java:644)
	at org.eclipse.core.databinding.observable.Realm.runWithDefault(Realm.java:338)
	at org.eclipse.ui.internal.Workbench.createAndRunWorkbench(Workbench.java:551)
	at org.eclipse.ui.PlatformUI.createAndRunWorkbench(PlatformUI.java:156)
	at org.eclipse.ui.internal.ide.application.IDEApplication.start(IDEApplication.java:152)
	at org.eclipse.equinox.internal.app.EclipseAppHandle.run(EclipseAppHandle.java:203)
	at org.eclipse.core.runtime.internal.adaptor.EclipseAppLauncher.runApplication(EclipseAppLauncher.java:134)
	at org.eclipse.core.runtime.internal.adaptor.EclipseAppLauncher.start(EclipseAppLauncher.java:104)
	at org.eclipse.core.runtime.adaptor.EclipseStarter.run(EclipseStarter.java:401)
	at org.eclipse.core.runtime.adaptor.EclipseStarter.run(EclipseStarter.java:255)
	at java.base/jdk.internal.reflect.NativeMethodAccessorImpl.invoke0(Native Method)
	at java.base/jdk.internal.reflect.NativeMethodAccessorImpl.invoke(NativeMethodAccessorImpl.java:64)
	at java.base/jdk.internal.reflect.DelegatingMethodAccessorImpl.invoke(DelegatingMethodAccessorImpl.java:43)
	at java.base/java.lang.reflect.Method.invoke(Method.java:564)
	at org.eclipse.equinox.launcher.Main.invokeFramework(Main.java:653)
	at org.eclipse.equinox.launcher.Main.basicRun(Main.java:590)
	at org.eclipse.equinox.launcher.Main.run(Main.java:1461)
Caused by: java.io.FileNotFoundException: /Users/lemes/Downloads/mysql-connector-java-8.0.17.jar (No such file or directory)
	at java.base/java.io.FileInputStream.open0(Native Method)
	at java.base/java.io.FileInputStream.open(FileInputStream.java:211)
	at java.base/java.io.FileInputStream.<init>(FileInputStream.java:153)
	at org.eclipse.m2e.core.internal.index.nexus.NexusIndexManager.identify(NexusIndexManager.java:1264)
	at org.eclipse.m2e.core.internal.index.nexus.NexusIndexManager.identify(NexusIndexManager.java:300)
	... 64 common frames omitted
2021-04-25 05:44:48,458 [main] ERROR o.e.m.j.i.JavaElementsAdapterFactory - Can't find artifact for /Users/lemes/Downloads/mysql-connector-java-8.0.17.jar (not open)
org.eclipse.core.runtime.CoreException: Search error
	at org.eclipse.m2e.core.internal.index.nexus.NexusIndexManager.identify(NexusIndexManager.java:303)
	at org.eclipse.m2e.core.internal.index.nexus.NexusIndex.identify(NexusIndex.java:143)
	at org.eclipse.m2e.core.internal.index.nexus.CompositeIndex.identifyAll(CompositeIndex.java:69)
	at org.eclipse.m2e.core.internal.index.nexus.CompositeIndex.identify(CompositeIndex.java:61)
	at org.eclipse.m2e.jdt.internal.BuildPathManager.findArtifactInIndex(BuildPathManager.java:477)
	at org.eclipse.m2e.jdt.internal.BuildPathManager.findArtifacts(BuildPathManager.java:421)
	at org.eclipse.m2e.jdt.internal.BuildPathManager.findArtifact(BuildPathManager.java:439)
	at org.eclipse.m2e.jdt.internal.JavaElementsAdapterFactory.getAdapter(JavaElementsAdapterFactory.java:60)
	at org.eclipse.core.internal.adapter.AdapterFactoryProxy.lambda$5(AdapterFactoryProxy.java:111)
	at java.base/java.util.Optional.map(Optional.java:258)
	at org.eclipse.core.internal.adapter.AdapterFactoryProxy.getAdapter(AdapterFactoryProxy.java:111)
	at org.eclipse.core.internal.runtime.AdapterManager.getAdapter(AdapterManager.java:299)
	at org.eclipse.m2e.core.ui.internal.actions.SelectionUtil.getType(SelectionUtil.java:156)
	at org.eclipse.m2e.core.ui.internal.actions.MavenPropertyTester.test(MavenPropertyTester.java:73)
	at org.eclipse.core.internal.expressions.Property.test(Property.java:65)
	at org.eclipse.core.expressions.TestExpression.evaluate(TestExpression.java:107)
	at org.eclipse.core.expressions.CompositeExpression.evaluateAnd(CompositeExpression.java:54)
	at org.eclipse.core.expressions.AndExpression.evaluate(AndExpression.java:36)
	at org.eclipse.core.expressions.CompositeExpression.evaluateAnd(CompositeExpression.java:54)
	at org.eclipse.core.internal.expressions.EnablementExpression.evaluate(EnablementExpression.java:59)
	at org.eclipse.ui.internal.ObjectActionContributor$ObjectContribution.isApplicableTo(ObjectActionContributor.java:353)
	at org.eclipse.ui.internal.ObjectActionContributor.isApplicableTo(ObjectActionContributor.java:226)
	at org.eclipse.ui.internal.ObjectContributorManager.isApplicableTo(ObjectContributorManager.java:300)
	at org.eclipse.ui.internal.ObjectActionContributorManager.contributeObjectActions(ObjectActionContributorManager.java:89)
	at org.eclipse.ui.internal.PopupMenuExtender.addObjectActions(PopupMenuExtender.java:295)
	at org.eclipse.ui.internal.PopupMenuExtender.menuAboutToShow(PopupMenuExtender.java:367)
	at org.eclipse.jface.action.MenuManager.fireAboutToShow(MenuManager.java:338)
	at org.eclipse.jface.action.MenuManager.handleAboutToShow(MenuManager.java:468)
	at org.eclipse.jface.action.MenuManager.access$1(MenuManager.java:463)
	at org.eclipse.jface.action.MenuManager$2.menuShown(MenuManager.java:495)
	at org.eclipse.swt.widgets.TypedListener.handleEvent(TypedListener.java:259)
	at org.eclipse.swt.widgets.EventTable.sendEvent(EventTable.java:89)
	at org.eclipse.swt.widgets.Display.sendEvent(Display.java:4441)
	at org.eclipse.swt.widgets.Widget.sendEvent(Widget.java:1512)
	at org.eclipse.swt.widgets.Widget.sendEvent(Widget.java:1535)
	at org.eclipse.swt.widgets.Widget.sendEvent(Widget.java:1516)
	at org.eclipse.swt.widgets.Menu.menuWillOpen(Menu.java:808)
	at org.eclipse.swt.widgets.Display.windowProc(Display.java:6183)
	at org.eclipse.swt.internal.cocoa.OS.objc_msgSend(Native Method)
	at org.eclipse.swt.internal.cocoa.NSMenu.popUpContextMenu(NSMenu.java:80)
	at org.eclipse.swt.widgets.Menu._setVisible(Menu.java:270)
	at org.eclipse.swt.widgets.Display.runPopups(Display.java:4304)
	at org.eclipse.swt.widgets.Display.readAndDispatch(Display.java:3830)
	at org.eclipse.e4.ui.internal.workbench.swt.PartRenderingEngine$5.run(PartRenderingEngine.java:1157)
	at org.eclipse.core.databinding.observable.Realm.runWithDefault(Realm.java:338)
	at org.eclipse.e4.ui.internal.workbench.swt.PartRenderingEngine.run(PartRenderingEngine.java:1046)
	at org.eclipse.e4.ui.internal.workbench.E4Workbench.createAndRunUI(E4Workbench.java:155)
	at org.eclipse.ui.internal.Workbench.lambda$3(Workbench.java:644)
	at org.eclipse.core.databinding.observable.Realm.runWithDefault(Realm.java:338)
	at org.eclipse.ui.internal.Workbench.createAndRunWorkbench(Workbench.java:551)
	at org.eclipse.ui.PlatformUI.createAndRunWorkbench(PlatformUI.java:156)
	at org.eclipse.ui.internal.ide.application.IDEApplication.start(IDEApplication.java:152)
	at org.eclipse.equinox.internal.app.EclipseAppHandle.run(EclipseAppHandle.java:203)
	at org.eclipse.core.runtime.internal.adaptor.EclipseAppLauncher.runApplication(EclipseAppLauncher.java:134)
	at org.eclipse.core.runtime.internal.adaptor.EclipseAppLauncher.start(EclipseAppLauncher.java:104)
	at org.eclipse.core.runtime.adaptor.EclipseStarter.run(EclipseStarter.java:401)
	at org.eclipse.core.runtime.adaptor.EclipseStarter.run(EclipseStarter.java:255)
	at java.base/jdk.internal.reflect.NativeMethodAccessorImpl.invoke0(Native Method)
	at java.base/jdk.internal.reflect.NativeMethodAccessorImpl.invoke(NativeMethodAccessorImpl.java:64)
	at java.base/jdk.internal.reflect.DelegatingMethodAccessorImpl.invoke(DelegatingMethodAccessorImpl.java:43)
	at java.base/java.lang.reflect.Method.invoke(Method.java:564)
	at org.eclipse.equinox.launcher.Main.invokeFramework(Main.java:653)
	at org.eclipse.equinox.launcher.Main.basicRun(Main.java:590)
	at org.eclipse.equinox.launcher.Main.run(Main.java:1461)
Caused by: java.io.FileNotFoundException: /Users/lemes/Downloads/mysql-connector-java-8.0.17.jar (No such file or directory)
	at java.base/java.io.FileInputStream.open0(Native Method)
	at java.base/java.io.FileInputStream.open(FileInputStream.java:211)
	at java.base/java.io.FileInputStream.<init>(FileInputStream.java:153)
	at org.eclipse.m2e.core.internal.index.nexus.NexusIndexManager.identify(NexusIndexManager.java:1264)
	at org.eclipse.m2e.core.internal.index.nexus.NexusIndexManager.identify(NexusIndexManager.java:300)
	... 63 common frames omitted
2021-04-25 05:44:48,459 [main] ERROR o.e.m.j.i.JavaElementsAdapterFactory - Can't find artifact for /Users/lemes/Downloads/mysql-connector-java-8.0.17.jar (not open)
org.eclipse.core.runtime.CoreException: Search error
	at org.eclipse.m2e.core.internal.index.nexus.NexusIndexManager.identify(NexusIndexManager.java:303)
	at org.eclipse.m2e.core.internal.index.nexus.NexusIndex.identify(NexusIndex.java:143)
	at org.eclipse.m2e.core.internal.index.nexus.CompositeIndex.identifyAll(CompositeIndex.java:69)
	at org.eclipse.m2e.core.internal.index.nexus.CompositeIndex.identify(CompositeIndex.java:61)
	at org.eclipse.m2e.jdt.internal.BuildPathManager.findArtifactInIndex(BuildPathManager.java:477)
	at org.eclipse.m2e.jdt.internal.BuildPathManager.findArtifacts(BuildPathManager.java:421)
	at org.eclipse.m2e.jdt.internal.BuildPathManager.findArtifact(BuildPathManager.java:439)
	at org.eclipse.m2e.jdt.internal.JavaElementsAdapterFactory.getAdapter(JavaElementsAdapterFactory.java:60)
	at org.eclipse.core.internal.adapter.AdapterFactoryProxy.lambda$5(AdapterFactoryProxy.java:111)
	at java.base/java.util.Optional.map(Optional.java:258)
	at org.eclipse.core.internal.adapter.AdapterFactoryProxy.getAdapter(AdapterFactoryProxy.java:111)
	at org.eclipse.core.internal.runtime.AdapterManager.getAdapter(AdapterManager.java:299)
	at org.eclipse.core.runtime.PlatformObject.getAdapter(PlatformObject.java:72)
	at org.eclipse.m2e.core.ui.internal.actions.SelectionUtil.getType(SelectionUtil.java:151)
	at org.eclipse.m2e.core.ui.internal.actions.MavenPropertyTester.test(MavenPropertyTester.java:73)
	at org.eclipse.core.internal.expressions.Property.test(Property.java:65)
	at org.eclipse.core.expressions.TestExpression.evaluate(TestExpression.java:107)
	at org.eclipse.core.expressions.CompositeExpression.evaluateAnd(CompositeExpression.java:54)
	at org.eclipse.core.internal.expressions.EnablementExpression.evaluate(EnablementExpression.java:59)
	at org.eclipse.ui.internal.ObjectActionContributor$ObjectContribution.isApplicableTo(ObjectActionContributor.java:353)
	at org.eclipse.ui.internal.ObjectActionContributor.isApplicableTo(ObjectActionContributor.java:226)
	at org.eclipse.ui.internal.ObjectContributorManager.isApplicableTo(ObjectContributorManager.java:300)
	at org.eclipse.ui.internal.ObjectActionContributorManager.contributeObjectActions(ObjectActionContributorManager.java:89)
	at org.eclipse.ui.internal.PopupMenuExtender.addObjectActions(PopupMenuExtender.java:295)
	at org.eclipse.ui.internal.PopupMenuExtender.menuAboutToShow(PopupMenuExtender.java:367)
	at org.eclipse.jface.action.MenuManager.fireAboutToShow(MenuManager.java:338)
	at org.eclipse.jface.action.MenuManager.handleAboutToShow(MenuManager.java:468)
	at org.eclipse.jface.action.MenuManager.access$1(MenuManager.java:463)
	at org.eclipse.jface.action.MenuManager$2.menuShown(MenuManager.java:495)
	at org.eclipse.swt.widgets.TypedListener.handleEvent(TypedListener.java:259)
	at org.eclipse.swt.widgets.EventTable.sendEvent(EventTable.java:89)
	at org.eclipse.swt.widgets.Display.sendEvent(Display.java:4441)
	at org.eclipse.swt.widgets.Widget.sendEvent(Widget.java:1512)
	at org.eclipse.swt.widgets.Widget.sendEvent(Widget.java:1535)
	at org.eclipse.swt.widgets.Widget.sendEvent(Widget.java:1516)
	at org.eclipse.swt.widgets.Menu.menuWillOpen(Menu.java:808)
	at org.eclipse.swt.widgets.Display.windowProc(Display.java:6183)
	at org.eclipse.swt.internal.cocoa.OS.objc_msgSend(Native Method)
	at org.eclipse.swt.internal.cocoa.NSMenu.popUpContextMenu(NSMenu.java:80)
	at org.eclipse.swt.widgets.Menu._setVisible(Menu.java:270)
	at org.eclipse.swt.widgets.Display.runPopups(Display.java:4304)
	at org.eclipse.swt.widgets.Display.readAndDispatch(Display.java:3830)
	at org.eclipse.e4.ui.internal.workbench.swt.PartRenderingEngine$5.run(PartRenderingEngine.java:1157)
	at org.eclipse.core.databinding.observable.Realm.runWithDefault(Realm.java:338)
	at org.eclipse.e4.ui.internal.workbench.swt.PartRenderingEngine.run(PartRenderingEngine.java:1046)
	at org.eclipse.e4.ui.internal.workbench.E4Workbench.createAndRunUI(E4Workbench.java:155)
	at org.eclipse.ui.internal.Workbench.lambda$3(Workbench.java:644)
	at org.eclipse.core.databinding.observable.Realm.runWithDefault(Realm.java:338)
	at org.eclipse.ui.internal.Workbench.createAndRunWorkbench(Workbench.java:551)
	at org.eclipse.ui.PlatformUI.createAndRunWorkbench(PlatformUI.java:156)
	at org.eclipse.ui.internal.ide.application.IDEApplication.start(IDEApplication.java:152)
	at org.eclipse.equinox.internal.app.EclipseAppHandle.run(EclipseAppHandle.java:203)
	at org.eclipse.core.runtime.internal.adaptor.EclipseAppLauncher.runApplication(EclipseAppLauncher.java:134)
	at org.eclipse.core.runtime.internal.adaptor.EclipseAppLauncher.start(EclipseAppLauncher.java:104)
	at org.eclipse.core.runtime.adaptor.EclipseStarter.run(EclipseStarter.java:401)
	at org.eclipse.core.runtime.adaptor.EclipseStarter.run(EclipseStarter.java:255)
	at java.base/jdk.internal.reflect.NativeMethodAccessorImpl.invoke0(Native Method)
	at java.base/jdk.internal.reflect.NativeMethodAccessorImpl.invoke(NativeMethodAccessorImpl.java:64)
	at java.base/jdk.internal.reflect.DelegatingMethodAccessorImpl.invoke(DelegatingMethodAccessorImpl.java:43)
	at java.base/java.lang.reflect.Method.invoke(Method.java:564)
	at org.eclipse.equinox.launcher.Main.invokeFramework(Main.java:653)
	at org.eclipse.equinox.launcher.Main.basicRun(Main.java:590)
	at org.eclipse.equinox.launcher.Main.run(Main.java:1461)
Caused by: java.io.FileNotFoundException: /Users/lemes/Downloads/mysql-connector-java-8.0.17.jar (No such file or directory)
	at java.base/java.io.FileInputStream.open0(Native Method)
	at java.base/java.io.FileInputStream.open(FileInputStream.java:211)
	at java.base/java.io.FileInputStream.<init>(FileInputStream.java:153)
	at org.eclipse.m2e.core.internal.index.nexus.NexusIndexManager.identify(NexusIndexManager.java:1264)
	at org.eclipse.m2e.core.internal.index.nexus.NexusIndexManager.identify(NexusIndexManager.java:300)
	... 62 common frames omitted
2021-04-25 05:44:48,461 [main] ERROR o.e.m.j.i.JavaElementsAdapterFactory - Can't find artifact for /Users/lemes/Downloads/mysql-connector-java-8.0.17.jar (not open)
org.eclipse.core.runtime.CoreException: Search error
	at org.eclipse.m2e.core.internal.index.nexus.NexusIndexManager.identify(NexusIndexManager.java:303)
	at org.eclipse.m2e.core.internal.index.nexus.NexusIndex.identify(NexusIndex.java:143)
	at org.eclipse.m2e.core.internal.index.nexus.CompositeIndex.identifyAll(CompositeIndex.java:69)
	at org.eclipse.m2e.core.internal.index.nexus.CompositeIndex.identify(CompositeIndex.java:61)
	at org.eclipse.m2e.jdt.internal.BuildPathManager.findArtifactInIndex(BuildPathManager.java:477)
	at org.eclipse.m2e.jdt.internal.BuildPathManager.findArtifacts(BuildPathManager.java:421)
	at org.eclipse.m2e.jdt.internal.BuildPathManager.findArtifact(BuildPathManager.java:439)
	at org.eclipse.m2e.jdt.internal.JavaElementsAdapterFactory.getAdapter(JavaElementsAdapterFactory.java:60)
	at org.eclipse.core.internal.adapter.AdapterFactoryProxy.lambda$5(AdapterFactoryProxy.java:111)
	at java.base/java.util.Optional.map(Optional.java:258)
	at org.eclipse.core.internal.adapter.AdapterFactoryProxy.getAdapter(AdapterFactoryProxy.java:111)
	at org.eclipse.core.internal.runtime.AdapterManager.getAdapter(AdapterManager.java:299)
	at org.eclipse.m2e.core.ui.internal.actions.SelectionUtil.getType(SelectionUtil.java:156)
	at org.eclipse.m2e.core.ui.internal.actions.MavenPropertyTester.test(MavenPropertyTester.java:73)
	at org.eclipse.core.internal.expressions.Property.test(Property.java:65)
	at org.eclipse.core.expressions.TestExpression.evaluate(TestExpression.java:107)
	at org.eclipse.core.expressions.CompositeExpression.evaluateAnd(CompositeExpression.java:54)
	at org.eclipse.core.internal.expressions.EnablementExpression.evaluate(EnablementExpression.java:59)
	at org.eclipse.ui.internal.ObjectActionContributor$ObjectContribution.isApplicableTo(ObjectActionContributor.java:353)
	at org.eclipse.ui.internal.ObjectActionContributor.isApplicableTo(ObjectActionContributor.java:226)
	at org.eclipse.ui.internal.ObjectContributorManager.isApplicableTo(ObjectContributorManager.java:300)
	at org.eclipse.ui.internal.ObjectActionContributorManager.contributeObjectActions(ObjectActionContributorManager.java:89)
	at org.eclipse.ui.internal.PopupMenuExtender.addObjectActions(PopupMenuExtender.java:295)
	at org.eclipse.ui.internal.PopupMenuExtender.menuAboutToShow(PopupMenuExtender.java:367)
	at org.eclipse.jface.action.MenuManager.fireAboutToShow(MenuManager.java:338)
	at org.eclipse.jface.action.MenuManager.handleAboutToShow(MenuManager.java:468)
	at org.eclipse.jface.action.MenuManager.access$1(MenuManager.java:463)
	at org.eclipse.jface.action.MenuManager$2.menuShown(MenuManager.java:495)
	at org.eclipse.swt.widgets.TypedListener.handleEvent(TypedListener.java:259)
	at org.eclipse.swt.widgets.EventTable.sendEvent(EventTable.java:89)
	at org.eclipse.swt.widgets.Display.sendEvent(Display.java:4441)
	at org.eclipse.swt.widgets.Widget.sendEvent(Widget.java:1512)
	at org.eclipse.swt.widgets.Widget.sendEvent(Widget.java:1535)
	at org.eclipse.swt.widgets.Widget.sendEvent(Widget.java:1516)
	at org.eclipse.swt.widgets.Menu.menuWillOpen(Menu.java:808)
	at org.eclipse.swt.widgets.Display.windowProc(Display.java:6183)
	at org.eclipse.swt.internal.cocoa.OS.objc_msgSend(Native Method)
	at org.eclipse.swt.internal.cocoa.NSMenu.popUpContextMenu(NSMenu.java:80)
	at org.eclipse.swt.widgets.Menu._setVisible(Menu.java:270)
	at org.eclipse.swt.widgets.Display.runPopups(Display.java:4304)
	at org.eclipse.swt.widgets.Display.readAndDispatch(Display.java:3830)
	at org.eclipse.e4.ui.internal.workbench.swt.PartRenderingEngine$5.run(PartRenderingEngine.java:1157)
	at org.eclipse.core.databinding.observable.Realm.runWithDefault(Realm.java:338)
	at org.eclipse.e4.ui.internal.workbench.swt.PartRenderingEngine.run(PartRenderingEngine.java:1046)
	at org.eclipse.e4.ui.internal.workbench.E4Workbench.createAndRunUI(E4Workbench.java:155)
	at org.eclipse.ui.internal.Workbench.lambda$3(Workbench.java:644)
	at org.eclipse.core.databinding.observable.Realm.runWithDefault(Realm.java:338)
	at org.eclipse.ui.internal.Workbench.createAndRunWorkbench(Workbench.java:551)
	at org.eclipse.ui.PlatformUI.createAndRunWorkbench(PlatformUI.java:156)
	at org.eclipse.ui.internal.ide.application.IDEApplication.start(IDEApplication.java:152)
	at org.eclipse.equinox.internal.app.EclipseAppHandle.run(EclipseAppHandle.java:203)
	at org.eclipse.core.runtime.internal.adaptor.EclipseAppLauncher.runApplication(EclipseAppLauncher.java:134)
	at org.eclipse.core.runtime.internal.adaptor.EclipseAppLauncher.start(EclipseAppLauncher.java:104)
	at org.eclipse.core.runtime.adaptor.EclipseStarter.run(EclipseStarter.java:401)
	at org.eclipse.core.runtime.adaptor.EclipseStarter.run(EclipseStarter.java:255)
	at java.base/jdk.internal.reflect.NativeMethodAccessorImpl.invoke0(Native Method)
	at java.base/jdk.internal.reflect.NativeMethodAccessorImpl.invoke(NativeMethodAccessorImpl.java:64)
	at java.base/jdk.internal.reflect.DelegatingMethodAccessorImpl.invoke(DelegatingMethodAccessorImpl.java:43)
	at java.base/java.lang.reflect.Method.invoke(Method.java:564)
	at org.eclipse.equinox.launcher.Main.invokeFramework(Main.java:653)
	at org.eclipse.equinox.launcher.Main.basicRun(Main.java:590)
	at org.eclipse.equinox.launcher.Main.run(Main.java:1461)
Caused by: java.io.FileNotFoundException: /Users/lemes/Downloads/mysql-connector-java-8.0.17.jar (No such file or directory)
	at java.base/java.io.FileInputStream.open0(Native Method)
	at java.base/java.io.FileInputStream.open(FileInputStream.java:211)
	at java.base/java.io.FileInputStream.<init>(FileInputStream.java:153)
	at org.eclipse.m2e.core.internal.index.nexus.NexusIndexManager.identify(NexusIndexManager.java:1264)
	at org.eclipse.m2e.core.internal.index.nexus.NexusIndexManager.identify(NexusIndexManager.java:300)
	... 61 common frames omitted
2021-04-25 05:44:48,462 [main] ERROR o.e.m.j.i.JavaElementsAdapterFactory - Can't find artifact for /Users/lemes/Downloads/mysql-connector-java-8.0.17.jar (not open)
org.eclipse.core.runtime.CoreException: Search error
	at org.eclipse.m2e.core.internal.index.nexus.NexusIndexManager.identify(NexusIndexManager.java:303)
	at org.eclipse.m2e.core.internal.index.nexus.NexusIndex.identify(NexusIndex.java:143)
	at org.eclipse.m2e.core.internal.index.nexus.CompositeIndex.identifyAll(CompositeIndex.java:69)
	at org.eclipse.m2e.core.internal.index.nexus.CompositeIndex.identify(CompositeIndex.java:61)
	at org.eclipse.m2e.jdt.internal.BuildPathManager.findArtifactInIndex(BuildPathManager.java:477)
	at org.eclipse.m2e.jdt.internal.BuildPathManager.findArtifacts(BuildPathManager.java:421)
	at org.eclipse.m2e.jdt.internal.BuildPathManager.findArtifact(BuildPathManager.java:439)
	at org.eclipse.m2e.jdt.internal.JavaElementsAdapterFactory.getAdapter(JavaElementsAdapterFactory.java:60)
	at org.eclipse.core.internal.adapter.AdapterFactoryProxy.lambda$5(AdapterFactoryProxy.java:111)
	at java.base/java.util.Optional.map(Optional.java:258)
	at org.eclipse.core.internal.adapter.AdapterFactoryProxy.getAdapter(AdapterFactoryProxy.java:111)
	at org.eclipse.core.internal.runtime.AdapterManager.getAdapter(AdapterManager.java:299)
	at org.eclipse.core.runtime.PlatformObject.getAdapter(PlatformObject.java:72)
	at org.eclipse.m2e.core.ui.internal.actions.SelectionUtil.getType(SelectionUtil.java:151)
	at org.eclipse.m2e.core.ui.internal.actions.MavenPropertyTester.test(MavenPropertyTester.java:73)
	at org.eclipse.core.internal.expressions.Property.test(Property.java:65)
	at org.eclipse.core.expressions.TestExpression.evaluate(TestExpression.java:107)
	at org.eclipse.core.expressions.CompositeExpression.evaluateAnd(CompositeExpression.java:54)
	at org.eclipse.core.internal.expressions.EnablementExpression.evaluate(EnablementExpression.java:59)
	at org.eclipse.ui.internal.ObjectActionContributor$ObjectContribution.isApplicableTo(ObjectActionContributor.java:353)
	at org.eclipse.ui.internal.ObjectActionContributor.isApplicableTo(ObjectActionContributor.java:226)
	at org.eclipse.ui.internal.ObjectContributorManager.isApplicableTo(ObjectContributorManager.java:300)
	at org.eclipse.ui.internal.ObjectActionContributorManager.contributeObjectActions(ObjectActionContributorManager.java:89)
	at org.eclipse.ui.internal.PopupMenuExtender.addObjectActions(PopupMenuExtender.java:295)
	at org.eclipse.ui.internal.PopupMenuExtender.menuAboutToShow(PopupMenuExtender.java:367)
	at org.eclipse.jface.action.MenuManager.fireAboutToShow(MenuManager.java:338)
	at org.eclipse.jface.action.MenuManager.handleAboutToShow(MenuManager.java:468)
	at org.eclipse.jface.action.MenuManager.access$1(MenuManager.java:463)
	at org.eclipse.jface.action.MenuManager$2.menuShown(MenuManager.java:495)
	at org.eclipse.swt.widgets.TypedListener.handleEvent(TypedListener.java:259)
	at org.eclipse.swt.widgets.EventTable.sendEvent(EventTable.java:89)
	at org.eclipse.swt.widgets.Display.sendEvent(Display.java:4441)
	at org.eclipse.swt.widgets.Widget.sendEvent(Widget.java:1512)
	at org.eclipse.swt.widgets.Widget.sendEvent(Widget.java:1535)
	at org.eclipse.swt.widgets.Widget.sendEvent(Widget.java:1516)
	at org.eclipse.swt.widgets.Menu.menuWillOpen(Menu.java:808)
	at org.eclipse.swt.widgets.Display.windowProc(Display.java:6183)
	at org.eclipse.swt.internal.cocoa.OS.objc_msgSend(Native Method)
	at org.eclipse.swt.internal.cocoa.NSMenu.popUpContextMenu(NSMenu.java:80)
	at org.eclipse.swt.widgets.Menu._setVisible(Menu.java:270)
	at org.eclipse.swt.widgets.Display.runPopups(Display.java:4304)
	at org.eclipse.swt.widgets.Display.readAndDispatch(Display.java:3830)
	at org.eclipse.e4.ui.internal.workbench.swt.PartRenderingEngine$5.run(PartRenderingEngine.java:1157)
	at org.eclipse.core.databinding.observable.Realm.runWithDefault(Realm.java:338)
	at org.eclipse.e4.ui.internal.workbench.swt.PartRenderingEngine.run(PartRenderingEngine.java:1046)
	at org.eclipse.e4.ui.internal.workbench.E4Workbench.createAndRunUI(E4Workbench.java:155)
	at org.eclipse.ui.internal.Workbench.lambda$3(Workbench.java:644)
	at org.eclipse.core.databinding.observable.Realm.runWithDefault(Realm.java:338)
	at org.eclipse.ui.internal.Workbench.createAndRunWorkbench(Workbench.java:551)
	at org.eclipse.ui.PlatformUI.createAndRunWorkbench(PlatformUI.java:156)
	at org.eclipse.ui.internal.ide.application.IDEApplication.start(IDEApplication.java:152)
	at org.eclipse.equinox.internal.app.EclipseAppHandle.run(EclipseAppHandle.java:203)
	at org.eclipse.core.runtime.internal.adaptor.EclipseAppLauncher.runApplication(EclipseAppLauncher.java:134)
	at org.eclipse.core.runtime.internal.adaptor.EclipseAppLauncher.start(EclipseAppLauncher.java:104)
	at org.eclipse.core.runtime.adaptor.EclipseStarter.run(EclipseStarter.java:401)
	at org.eclipse.core.runtime.adaptor.EclipseStarter.run(EclipseStarter.java:255)
	at java.base/jdk.internal.reflect.NativeMethodAccessorImpl.invoke0(Native Method)
	at java.base/jdk.internal.reflect.NativeMethodAccessorImpl.invoke(NativeMethodAccessorImpl.java:64)
	at java.base/jdk.internal.reflect.DelegatingMethodAccessorImpl.invoke(DelegatingMethodAccessorImpl.java:43)
	at java.base/java.lang.reflect.Method.invoke(Method.java:564)
	at org.eclipse.equinox.launcher.Main.invokeFramework(Main.java:653)
	at org.eclipse.equinox.launcher.Main.basicRun(Main.java:590)
	at org.eclipse.equinox.launcher.Main.run(Main.java:1461)
Caused by: java.io.FileNotFoundException: /Users/lemes/Downloads/mysql-connector-java-8.0.17.jar (No such file or directory)
	at java.base/java.io.FileInputStream.open0(Native Method)
	at java.base/java.io.FileInputStream.open(FileInputStream.java:211)
	at java.base/java.io.FileInputStream.<init>(FileInputStream.java:153)
	at org.eclipse.m2e.core.internal.index.nexus.NexusIndexManager.identify(NexusIndexManager.java:1264)
	at org.eclipse.m2e.core.internal.index.nexus.NexusIndexManager.identify(NexusIndexManager.java:300)
	... 62 common frames omitted
2021-04-25 05:44:48,462 [main] ERROR o.e.m.j.i.JavaElementsAdapterFactory - Can't find artifact for /Users/lemes/Downloads/mysql-connector-java-8.0.17.jar (not open)
org.eclipse.core.runtime.CoreException: Search error
	at org.eclipse.m2e.core.internal.index.nexus.NexusIndexManager.identify(NexusIndexManager.java:303)
	at org.eclipse.m2e.core.internal.index.nexus.NexusIndex.identify(NexusIndex.java:143)
	at org.eclipse.m2e.core.internal.index.nexus.CompositeIndex.identifyAll(CompositeIndex.java:69)
	at org.eclipse.m2e.core.internal.index.nexus.CompositeIndex.identify(CompositeIndex.java:61)
	at org.eclipse.m2e.jdt.internal.BuildPathManager.findArtifactInIndex(BuildPathManager.java:477)
	at org.eclipse.m2e.jdt.internal.BuildPathManager.findArtifacts(BuildPathManager.java:421)
	at org.eclipse.m2e.jdt.internal.BuildPathManager.findArtifact(BuildPathManager.java:439)
	at org.eclipse.m2e.jdt.internal.JavaElementsAdapterFactory.getAdapter(JavaElementsAdapterFactory.java:60)
	at org.eclipse.core.internal.adapter.AdapterFactoryProxy.lambda$5(AdapterFactoryProxy.java:111)
	at java.base/java.util.Optional.map(Optional.java:258)
	at org.eclipse.core.internal.adapter.AdapterFactoryProxy.getAdapter(AdapterFactoryProxy.java:111)
	at org.eclipse.core.internal.runtime.AdapterManager.getAdapter(AdapterManager.java:299)
	at org.eclipse.m2e.core.ui.internal.actions.SelectionUtil.getType(SelectionUtil.java:156)
	at org.eclipse.m2e.core.ui.internal.actions.MavenPropertyTester.test(MavenPropertyTester.java:73)
	at org.eclipse.core.internal.expressions.Property.test(Property.java:65)
	at org.eclipse.core.expressions.TestExpression.evaluate(TestExpression.java:107)
	at org.eclipse.core.expressions.CompositeExpression.evaluateAnd(CompositeExpression.java:54)
	at org.eclipse.core.internal.expressions.EnablementExpression.evaluate(EnablementExpression.java:59)
	at org.eclipse.ui.internal.ObjectActionContributor$ObjectContribution.isApplicableTo(ObjectActionContributor.java:353)
	at org.eclipse.ui.internal.ObjectActionContributor.isApplicableTo(ObjectActionContributor.java:226)
	at org.eclipse.ui.internal.ObjectContributorManager.isApplicableTo(ObjectContributorManager.java:300)
	at org.eclipse.ui.internal.ObjectActionContributorManager.contributeObjectActions(ObjectActionContributorManager.java:89)
	at org.eclipse.ui.internal.PopupMenuExtender.addObjectActions(PopupMenuExtender.java:295)
	at org.eclipse.ui.internal.PopupMenuExtender.menuAboutToShow(PopupMenuExtender.java:367)
	at org.eclipse.jface.action.MenuManager.fireAboutToShow(MenuManager.java:338)
	at org.eclipse.jface.action.MenuManager.handleAboutToShow(MenuManager.java:468)
	at org.eclipse.jface.action.MenuManager.access$1(MenuManager.java:463)
	at org.eclipse.jface.action.MenuManager$2.menuShown(MenuManager.java:495)
	at org.eclipse.swt.widgets.TypedListener.handleEvent(TypedListener.java:259)
	at org.eclipse.swt.widgets.EventTable.sendEvent(EventTable.java:89)
	at org.eclipse.swt.widgets.Display.sendEvent(Display.java:4441)
	at org.eclipse.swt.widgets.Widget.sendEvent(Widget.java:1512)
	at org.eclipse.swt.widgets.Widget.sendEvent(Widget.java:1535)
	at org.eclipse.swt.widgets.Widget.sendEvent(Widget.java:1516)
	at org.eclipse.swt.widgets.Menu.menuWillOpen(Menu.java:808)
	at org.eclipse.swt.widgets.Display.windowProc(Display.java:6183)
	at org.eclipse.swt.internal.cocoa.OS.objc_msgSend(Native Method)
	at org.eclipse.swt.internal.cocoa.NSMenu.popUpContextMenu(NSMenu.java:80)
	at org.eclipse.swt.widgets.Menu._setVisible(Menu.java:270)
	at org.eclipse.swt.widgets.Display.runPopups(Display.java:4304)
	at org.eclipse.swt.widgets.Display.readAndDispatch(Display.java:3830)
	at org.eclipse.e4.ui.internal.workbench.swt.PartRenderingEngine$5.run(PartRenderingEngine.java:1157)
	at org.eclipse.core.databinding.observable.Realm.runWithDefault(Realm.java:338)
	at org.eclipse.e4.ui.internal.workbench.swt.PartRenderingEngine.run(PartRenderingEngine.java:1046)
	at org.eclipse.e4.ui.internal.workbench.E4Workbench.createAndRunUI(E4Workbench.java:155)
	at org.eclipse.ui.internal.Workbench.lambda$3(Workbench.java:644)
	at org.eclipse.core.databinding.observable.Realm.runWithDefault(Realm.java:338)
	at org.eclipse.ui.internal.Workbench.createAndRunWorkbench(Workbench.java:551)
	at org.eclipse.ui.PlatformUI.createAndRunWorkbench(PlatformUI.java:156)
	at org.eclipse.ui.internal.ide.application.IDEApplication.start(IDEApplication.java:152)
	at org.eclipse.equinox.internal.app.EclipseAppHandle.run(EclipseAppHandle.java:203)
	at org.eclipse.core.runtime.internal.adaptor.EclipseAppLauncher.runApplication(EclipseAppLauncher.java:134)
	at org.eclipse.core.runtime.internal.adaptor.EclipseAppLauncher.start(EclipseAppLauncher.java:104)
	at org.eclipse.core.runtime.adaptor.EclipseStarter.run(EclipseStarter.java:401)
	at org.eclipse.core.runtime.adaptor.EclipseStarter.run(EclipseStarter.java:255)
	at java.base/jdk.internal.reflect.NativeMethodAccessorImpl.invoke0(Native Method)
	at java.base/jdk.internal.reflect.NativeMethodAccessorImpl.invoke(NativeMethodAccessorImpl.java:64)
	at java.base/jdk.internal.reflect.DelegatingMethodAccessorImpl.invoke(DelegatingMethodAccessorImpl.java:43)
	at java.base/java.lang.reflect.Method.invoke(Method.java:564)
	at org.eclipse.equinox.launcher.Main.invokeFramework(Main.java:653)
	at org.eclipse.equinox.launcher.Main.basicRun(Main.java:590)
	at org.eclipse.equinox.launcher.Main.run(Main.java:1461)
Caused by: java.io.FileNotFoundException: /Users/lemes/Downloads/mysql-connector-java-8.0.17.jar (No such file or directory)
	at java.base/java.io.FileInputStream.open0(Native Method)
	at java.base/java.io.FileInputStream.open(FileInputStream.java:211)
	at java.base/java.io.FileInputStream.<init>(FileInputStream.java:153)
	at org.eclipse.m2e.core.internal.index.nexus.NexusIndexManager.identify(NexusIndexManager.java:1264)
	at org.eclipse.m2e.core.internal.index.nexus.NexusIndexManager.identify(NexusIndexManager.java:300)
	... 61 common frames omitted
2021-04-25 05:44:48,463 [main] ERROR o.e.m.j.i.JavaElementsAdapterFactory - Can't find artifact for /Users/lemes/Downloads/mysql-connector-java-8.0.17.jar (not open)
org.eclipse.core.runtime.CoreException: Search error
	at org.eclipse.m2e.core.internal.index.nexus.NexusIndexManager.identify(NexusIndexManager.java:303)
	at org.eclipse.m2e.core.internal.index.nexus.NexusIndex.identify(NexusIndex.java:143)
	at org.eclipse.m2e.core.internal.index.nexus.CompositeIndex.identifyAll(CompositeIndex.java:69)
	at org.eclipse.m2e.core.internal.index.nexus.CompositeIndex.identify(CompositeIndex.java:61)
	at org.eclipse.m2e.jdt.internal.BuildPathManager.findArtifactInIndex(BuildPathManager.java:477)
	at org.eclipse.m2e.jdt.internal.BuildPathManager.findArtifacts(BuildPathManager.java:421)
	at org.eclipse.m2e.jdt.internal.BuildPathManager.findArtifact(BuildPathManager.java:439)
	at org.eclipse.m2e.jdt.internal.JavaElementsAdapterFactory.getAdapter(JavaElementsAdapterFactory.java:60)
	at org.eclipse.core.internal.adapter.AdapterFactoryProxy.lambda$5(AdapterFactoryProxy.java:111)
	at java.base/java.util.Optional.map(Optional.java:258)
	at org.eclipse.core.internal.adapter.AdapterFactoryProxy.getAdapter(AdapterFactoryProxy.java:111)
	at org.eclipse.core.internal.runtime.AdapterManager.getAdapter(AdapterManager.java:299)
	at org.eclipse.core.runtime.PlatformObject.getAdapter(PlatformObject.java:72)
	at org.eclipse.m2e.core.ui.internal.actions.SelectionUtil.getType(SelectionUtil.java:151)
	at org.eclipse.m2e.core.ui.internal.actions.MavenPropertyTester.test(MavenPropertyTester.java:73)
	at org.eclipse.core.internal.expressions.Property.test(Property.java:65)
	at org.eclipse.core.expressions.TestExpression.evaluate(TestExpression.java:107)
	at org.eclipse.core.expressions.CompositeExpression.evaluateAnd(CompositeExpression.java:54)
	at org.eclipse.core.internal.expressions.EnablementExpression.evaluate(EnablementExpression.java:59)
	at org.eclipse.ui.internal.ObjectActionContributor$ObjectContribution.isApplicableTo(ObjectActionContributor.java:353)
	at org.eclipse.ui.internal.ObjectActionContributor.isApplicableTo(ObjectActionContributor.java:226)
	at org.eclipse.ui.internal.ObjectContributorManager.isApplicableTo(ObjectContributorManager.java:300)
	at org.eclipse.ui.internal.ObjectActionContributorManager.contributeObjectActions(ObjectActionContributorManager.java:89)
	at org.eclipse.ui.internal.PopupMenuExtender.addObjectActions(PopupMenuExtender.java:295)
	at org.eclipse.ui.internal.PopupMenuExtender.menuAboutToShow(PopupMenuExtender.java:367)
	at org.eclipse.jface.action.MenuManager.fireAboutToShow(MenuManager.java:338)
	at org.eclipse.jface.action.MenuManager.handleAboutToShow(MenuManager.java:468)
	at org.eclipse.jface.action.MenuManager.access$1(MenuManager.java:463)
	at org.eclipse.jface.action.MenuManager$2.menuShown(MenuManager.java:495)
	at org.eclipse.swt.widgets.TypedListener.handleEvent(TypedListener.java:259)
	at org.eclipse.swt.widgets.EventTable.sendEvent(EventTable.java:89)
	at org.eclipse.swt.widgets.Display.sendEvent(Display.java:4441)
	at org.eclipse.swt.widgets.Widget.sendEvent(Widget.java:1512)
	at org.eclipse.swt.widgets.Widget.sendEvent(Widget.java:1535)
	at org.eclipse.swt.widgets.Widget.sendEvent(Widget.java:1516)
	at org.eclipse.swt.widgets.Menu.menuWillOpen(Menu.java:808)
	at org.eclipse.swt.widgets.Display.windowProc(Display.java:6183)
	at org.eclipse.swt.internal.cocoa.OS.objc_msgSend(Native Method)
	at org.eclipse.swt.internal.cocoa.NSMenu.popUpContextMenu(NSMenu.java:80)
	at org.eclipse.swt.widgets.Menu._setVisible(Menu.java:270)
	at org.eclipse.swt.widgets.Display.runPopups(Display.java:4304)
	at org.eclipse.swt.widgets.Display.readAndDispatch(Display.java:3830)
	at org.eclipse.e4.ui.internal.workbench.swt.PartRenderingEngine$5.run(PartRenderingEngine.java:1157)
	at org.eclipse.core.databinding.observable.Realm.runWithDefault(Realm.java:338)
	at org.eclipse.e4.ui.internal.workbench.swt.PartRenderingEngine.run(PartRenderingEngine.java:1046)
	at org.eclipse.e4.ui.internal.workbench.E4Workbench.createAndRunUI(E4Workbench.java:155)
	at org.eclipse.ui.internal.Workbench.lambda$3(Workbench.java:644)
	at org.eclipse.core.databinding.observable.Realm.runWithDefault(Realm.java:338)
	at org.eclipse.ui.internal.Workbench.createAndRunWorkbench(Workbench.java:551)
	at org.eclipse.ui.PlatformUI.createAndRunWorkbench(PlatformUI.java:156)
	at org.eclipse.ui.internal.ide.application.IDEApplication.start(IDEApplication.java:152)
	at org.eclipse.equinox.internal.app.EclipseAppHandle.run(EclipseAppHandle.java:203)
	at org.eclipse.core.runtime.internal.adaptor.EclipseAppLauncher.runApplication(EclipseAppLauncher.java:134)
	at org.eclipse.core.runtime.internal.adaptor.EclipseAppLauncher.start(EclipseAppLauncher.java:104)
	at org.eclipse.core.runtime.adaptor.EclipseStarter.run(EclipseStarter.java:401)
	at org.eclipse.core.runtime.adaptor.EclipseStarter.run(EclipseStarter.java:255)
	at java.base/jdk.internal.reflect.NativeMethodAccessorImpl.invoke0(Native Method)
	at java.base/jdk.internal.reflect.NativeMethodAccessorImpl.invoke(NativeMethodAccessorImpl.java:64)
	at java.base/jdk.internal.reflect.DelegatingMethodAccessorImpl.invoke(DelegatingMethodAccessorImpl.java:43)
	at java.base/java.lang.reflect.Method.invoke(Method.java:564)
	at org.eclipse.equinox.launcher.Main.invokeFramework(Main.java:653)
	at org.eclipse.equinox.launcher.Main.basicRun(Main.java:590)
	at org.eclipse.equinox.launcher.Main.run(Main.java:1461)
Caused by: java.io.FileNotFoundException: /Users/lemes/Downloads/mysql-connector-java-8.0.17.jar (No such file or directory)
	at java.base/java.io.FileInputStream.open0(Native Method)
	at java.base/java.io.FileInputStream.open(FileInputStream.java:211)
	at java.base/java.io.FileInputStream.<init>(FileInputStream.java:153)
	at org.eclipse.m2e.core.internal.index.nexus.NexusIndexManager.identify(NexusIndexManager.java:1264)
	at org.eclipse.m2e.core.internal.index.nexus.NexusIndexManager.identify(NexusIndexManager.java:300)
	... 62 common frames omitted
2021-04-25 05:44:48,463 [main] ERROR o.e.m.j.i.JavaElementsAdapterFactory - Can't find artifact for /Users/lemes/Downloads/mysql-connector-java-8.0.17.jar (not open)
org.eclipse.core.runtime.CoreException: Search error
	at org.eclipse.m2e.core.internal.index.nexus.NexusIndexManager.identify(NexusIndexManager.java:303)
	at org.eclipse.m2e.core.internal.index.nexus.NexusIndex.identify(NexusIndex.java:143)
	at org.eclipse.m2e.core.internal.index.nexus.CompositeIndex.identifyAll(CompositeIndex.java:69)
	at org.eclipse.m2e.core.internal.index.nexus.CompositeIndex.identify(CompositeIndex.java:61)
	at org.eclipse.m2e.jdt.internal.BuildPathManager.findArtifactInIndex(BuildPathManager.java:477)
	at org.eclipse.m2e.jdt.internal.BuildPathManager.findArtifacts(BuildPathManager.java:421)
	at org.eclipse.m2e.jdt.internal.BuildPathManager.findArtifact(BuildPathManager.java:439)
	at org.eclipse.m2e.jdt.internal.JavaElementsAdapterFactory.getAdapter(JavaElementsAdapterFactory.java:60)
	at org.eclipse.core.internal.adapter.AdapterFactoryProxy.lambda$5(AdapterFactoryProxy.java:111)
	at java.base/java.util.Optional.map(Optional.java:258)
	at org.eclipse.core.internal.adapter.AdapterFactoryProxy.getAdapter(AdapterFactoryProxy.java:111)
	at org.eclipse.core.internal.runtime.AdapterManager.getAdapter(AdapterManager.java:299)
	at org.eclipse.m2e.core.ui.internal.actions.SelectionUtil.getType(SelectionUtil.java:156)
	at org.eclipse.m2e.core.ui.internal.actions.MavenPropertyTester.test(MavenPropertyTester.java:73)
	at org.eclipse.core.internal.expressions.Property.test(Property.java:65)
	at org.eclipse.core.expressions.TestExpression.evaluate(TestExpression.java:107)
	at org.eclipse.core.expressions.CompositeExpression.evaluateAnd(CompositeExpression.java:54)
	at org.eclipse.core.internal.expressions.EnablementExpression.evaluate(EnablementExpression.java:59)
	at org.eclipse.ui.internal.ObjectActionContributor$ObjectContribution.isApplicableTo(ObjectActionContributor.java:353)
	at org.eclipse.ui.internal.ObjectActionContributor.isApplicableTo(ObjectActionContributor.java:226)
	at org.eclipse.ui.internal.ObjectContributorManager.isApplicableTo(ObjectContributorManager.java:300)
	at org.eclipse.ui.internal.ObjectActionContributorManager.contributeObjectActions(ObjectActionContributorManager.java:89)
	at org.eclipse.ui.internal.PopupMenuExtender.addObjectActions(PopupMenuExtender.java:295)
	at org.eclipse.ui.internal.PopupMenuExtender.menuAboutToShow(PopupMenuExtender.java:367)
	at org.eclipse.jface.action.MenuManager.fireAboutToShow(MenuManager.java:338)
	at org.eclipse.jface.action.MenuManager.handleAboutToShow(MenuManager.java:468)
	at org.eclipse.jface.action.MenuManager.access$1(MenuManager.java:463)
	at org.eclipse.jface.action.MenuManager$2.menuShown(MenuManager.java:495)
	at org.eclipse.swt.widgets.TypedListener.handleEvent(TypedListener.java:259)
	at org.eclipse.swt.widgets.EventTable.sendEvent(EventTable.java:89)
	at org.eclipse.swt.widgets.Display.sendEvent(Display.java:4441)
	at org.eclipse.swt.widgets.Widget.sendEvent(Widget.java:1512)
	at org.eclipse.swt.widgets.Widget.sendEvent(Widget.java:1535)
	at org.eclipse.swt.widgets.Widget.sendEvent(Widget.java:1516)
	at org.eclipse.swt.widgets.Menu.menuWillOpen(Menu.java:808)
	at org.eclipse.swt.widgets.Display.windowProc(Display.java:6183)
	at org.eclipse.swt.internal.cocoa.OS.objc_msgSend(Native Method)
	at org.eclipse.swt.internal.cocoa.NSMenu.popUpContextMenu(NSMenu.java:80)
	at org.eclipse.swt.widgets.Menu._setVisible(Menu.java:270)
	at org.eclipse.swt.widgets.Display.runPopups(Display.java:4304)
	at org.eclipse.swt.widgets.Display.readAndDispatch(Display.java:3830)
	at org.eclipse.e4.ui.internal.workbench.swt.PartRenderingEngine$5.run(PartRenderingEngine.java:1157)
	at org.eclipse.core.databinding.observable.Realm.runWithDefault(Realm.java:338)
	at org.eclipse.e4.ui.internal.workbench.swt.PartRenderingEngine.run(PartRenderingEngine.java:1046)
	at org.eclipse.e4.ui.internal.workbench.E4Workbench.createAndRunUI(E4Workbench.java:155)
	at org.eclipse.ui.internal.Workbench.lambda$3(Workbench.java:644)
	at org.eclipse.core.databinding.observable.Realm.runWithDefault(Realm.java:338)
	at org.eclipse.ui.internal.Workbench.createAndRunWorkbench(Workbench.java:551)
	at org.eclipse.ui.PlatformUI.createAndRunWorkbench(PlatformUI.java:156)
	at org.eclipse.ui.internal.ide.application.IDEApplication.start(IDEApplication.java:152)
	at org.eclipse.equinox.internal.app.EclipseAppHandle.run(EclipseAppHandle.java:203)
	at org.eclipse.core.runtime.internal.adaptor.EclipseAppLauncher.runApplication(EclipseAppLauncher.java:134)
	at org.eclipse.core.runtime.internal.adaptor.EclipseAppLauncher.start(EclipseAppLauncher.java:104)
	at org.eclipse.core.runtime.adaptor.EclipseStarter.run(EclipseStarter.java:401)
	at org.eclipse.core.runtime.adaptor.EclipseStarter.run(EclipseStarter.java:255)
	at java.base/jdk.internal.reflect.NativeMethodAccessorImpl.invoke0(Native Method)
	at java.base/jdk.internal.reflect.NativeMethodAccessorImpl.invoke(NativeMethodAccessorImpl.java:64)
	at java.base/jdk.internal.reflect.DelegatingMethodAccessorImpl.invoke(DelegatingMethodAccessorImpl.java:43)
	at java.base/java.lang.reflect.Method.invoke(Method.java:564)
	at org.eclipse.equinox.launcher.Main.invokeFramework(Main.java:653)
	at org.eclipse.equinox.launcher.Main.basicRun(Main.java:590)
	at org.eclipse.equinox.launcher.Main.run(Main.java:1461)
Caused by: java.io.FileNotFoundException: /Users/lemes/Downloads/mysql-connector-java-8.0.17.jar (No such file or directory)
	at java.base/java.io.FileInputStream.open0(Native Method)
	at java.base/java.io.FileInputStream.open(FileInputStream.java:211)
	at java.base/java.io.FileInputStream.<init>(FileInputStream.java:153)
	at org.eclipse.m2e.core.internal.index.nexus.NexusIndexManager.identify(NexusIndexManager.java:1264)
	at org.eclipse.m2e.core.internal.index.nexus.NexusIndexManager.identify(NexusIndexManager.java:300)
	... 61 common frames omitted
2021-04-26 23:45:02,562 [Worker-10: Loading available Gradle versions] INFO  o.e.b.c.i.u.g.PublishedGradleVersions - Gradle version information cache is out-of-date. Trying to update.
2021-04-27 00:09:18,992 [Worker-9: Loading available Gradle versions] INFO  o.e.b.c.i.u.g.PublishedGradleVersions - Gradle version information cache is up-to-date. Trying to read.
2021-05-01 04:39:46,102 [Worker-8: Loading available Gradle versions] INFO  o.e.b.c.i.u.g.PublishedGradleVersions - Gradle version information cache is out-of-date. Trying to update.
